[0.012s] Invoking command in '/home/santhosh/Desktop/ros2_ws/pendulum_control/build/esp32_interface': AMENT_PREFIX_PATH=/home/santhosh/Desktop/ros2_ws/pendulum_control/install/esp32_msgs:${AMENT_PREFIX_PATH} CMAKE_PREFIX_PATH=/home/santhosh/Desktop/ros2_ws/pendulum_control/install/esp32_msgs:/opt/ros/humble LD_LIBRARY_PATH=/home/santhosh/Desktop/ros2_ws/pendulum_control/install/esp32_msgs/lib:${LD_LIBRARY_PATH} PYTHONPATH=/home/santhosh/Desktop/ros2_ws/pendulum_control/install/esp32_msgs/local/lib/python3.10/dist-packages:${PYTHONPATH} /usr/bin/cmake --build /home/santhosh/Desktop/ros2_ws/pendulum_control/build/esp32_interface -- -j16 -l16
[0.038s] -- Found ament_cmake: 1.3.12 (/opt/ros/humble/share/ament_cmake/cmake)
[0.134s] -- Found rclcpp: 16.0.14 (/opt/ros/humble/share/rclcpp/cmake)
[0.152s] -- Found rosidl_generator_c: 3.1.7 (/opt/ros/humble/share/rosidl_generator_c/cmake)
[0.153s] -- Found rosidl_adapter: 3.1.7 (/opt/ros/humble/share/rosidl_adapter/cmake)
[0.157s] -- Found rosidl_generator_cpp: 3.1.7 (/opt/ros/humble/share/rosidl_generator_cpp/cmake)
[0.162s] -- Using all available rosidl_typesupport_c: rosidl_typesupport_fastrtps_c;rosidl_typesupport_introspection_c
[0.170s] -- Using all available rosidl_typesupport_cpp: rosidl_typesupport_fastrtps_cpp;rosidl_typesupport_introspection_cpp
[0.188s] -- Found rmw_implementation_cmake: 6.1.2 (/opt/ros/humble/share/rmw_implementation_cmake/cmake)
[0.188s] -- Found rmw_fastrtps_cpp: 6.2.8 (/opt/ros/humble/share/rmw_fastrtps_cpp/cmake)
[0.264s] -- Using RMW implementation 'rmw_fastrtps_cpp' as default
[0.291s] -- Found esp32_msgs: 0.0.0 (/home/santhosh/Desktop/ros2_ws/pendulum_control/install/esp32_msgs/share/esp32_msgs/cmake)
[0.298s] -- Found ament_lint_auto: 0.12.14 (/opt/ros/humble/share/ament_lint_auto/cmake)
[0.348s] -- Added test 'cppcheck' to perform static code analysis on C / C++ code
[0.348s] -- Configured cppcheck include dirs: /home/santhosh/Desktop/ros2_ws/pendulum_control/src/esp32_interface/include/esp32_interface
[0.348s] -- Configured cppcheck exclude dirs and/or files: 
[0.348s] -- Added test 'lint_cmake' to check CMake code style
[0.349s] -- Added test 'uncrustify' to check C / C++ code style
[0.349s] -- Configured uncrustify additional arguments: 
[0.349s] -- Added test 'xmllint' to check XML markup files
[0.350s] -- Configuring done
[0.357s] -- Generating done
[0.360s] -- Build files have been written to: /home/santhosh/Desktop/ros2_ws/pendulum_control/build/esp32_interface
[0.388s] [35m[1mConsolidate compiler generated dependencies of target esp32_interface_node[0m
[0.423s] [ 50%] [32mBuilding CXX object CMakeFiles/esp32_interface_node.dir/src/esp32.cpp.o[0m
[0.948s] [01m[K/home/santhosh/Desktop/ros2_ws/pendulum_control/src/esp32_interface/src/esp32.cpp:3:63:[m[K [01;35m[Kwarning: [m[Kcharacter constant too long for its type
[0.948s]     3 | ESP32Interface::ESP32Interface(int argc, char **argv)  : Node([01;35m[K'esp_32_interface'[m[K), serial_(io_, "/dev/ttyUSB0")
[0.948s]       |                                                               [01;35m[K^~~~~~~~~~~~~~~~~~[m[K
[2.582s] [01m[K/home/santhosh/Desktop/ros2_ws/pendulum_control/src/esp32_interface/src/esp32.cpp:3:1:[m[K [01;31m[Kerror: [m[Kno declaration matches â€˜[01m[KESP32Interface::ESP32Interface(int, char**)[m[Kâ€™
[2.582s]     3 | [01;31m[KESP32Interface[m[K::ESP32Interface(int argc, char **argv)  : Node('esp_32_interface'), serial_(io_, "/dev/ttyUSB0")
[2.582s]       | [01;31m[K^~~~~~~~~~~~~~[m[K
[2.582s] In file included from [01m[K/home/santhosh/Desktop/ros2_ws/pendulum_control/src/esp32_interface/src/esp32.cpp:1[m[K:
[2.582s] [01m[K/home/santhosh/Desktop/ros2_ws/pendulum_control/src/esp32_interface/include/esp32_interface/esp32.hpp:7:7:[m[K [01;36m[Knote: [m[Kcandidates are: â€˜[01m[KESP32Interface::ESP32Interface(ESP32Interface&&)[m[Kâ€™
[2.582s]     7 | class [01;36m[KESP32Interface[m[K : public rclcpp::Node
[2.582s]       |       [01;36m[K^~~~~~~~~~~~~~[m[K
[2.583s] [01m[K/home/santhosh/Desktop/ros2_ws/pendulum_control/src/esp32_interface/include/esp32_interface/esp32.hpp:7:7:[m[K [01;36m[Knote: [m[K                â€˜[01m[KESP32Interface::ESP32Interface(const ESP32Interface&)[m[Kâ€™
[2.583s] [01m[K/home/santhosh/Desktop/ros2_ws/pendulum_control/src/esp32_interface/include/esp32_interface/esp32.hpp:15:5:[m[K [01;36m[Knote: [m[K                â€˜[01m[KESP32Interface::ESP32Interface(int, char**, rclcpp::NodeOptions&)[m[Kâ€™
[2.583s]    15 |     [01;36m[KESP32Interface[m[K(int argc, char **argv, rclcpp::NodeOptions &options);
[2.583s]       |     [01;36m[K^~~~~~~~~~~~~~[m[K
[2.583s] [01m[K/home/santhosh/Desktop/ros2_ws/pendulum_control/src/esp32_interface/include/esp32_interface/esp32.hpp:7:7:[m[K [01;36m[Knote: [m[Kâ€˜[01m[Kclass ESP32Interface[m[Kâ€™ defined here
[2.583s]     7 | class [01;36m[KESP32Interface[m[K : public rclcpp::Node
[2.583s]       |       [01;36m[K^~~~~~~~~~~~~~[m[K
[2.583s] [01m[K/home/santhosh/Desktop/ros2_ws/pendulum_control/src/esp32_interface/src/esp32.cpp:[m[K In static member function â€˜[01m[Kstatic ESP32Interface::esp_read_response_ ESP32Interface::read_register(uint8_t, int, int16_t&)[m[Kâ€™:
[2.583s] [01m[K/home/santhosh/Desktop/ros2_ws/pendulum_control/src/esp32_interface/src/esp32.cpp:34:24:[m[K [01;31m[Kerror: [m[Kinvalid use of member â€˜[01m[KESP32Interface::serial_[m[Kâ€™ in static member function
[2.583s]    34 |     boost::asio::write([01;31m[Kserial_[m[K, boost::asio::buffer(request, 2));
[2.584s]       |                        [01;31m[K^~~~~~~[m[K
[2.584s] In file included from [01m[K/home/santhosh/Desktop/ros2_ws/pendulum_control/src/esp32_interface/src/esp32.cpp:1[m[K:
[2.584s] [01m[K/home/santhosh/Desktop/ros2_ws/pendulum_control/src/esp32_interface/include/esp32_interface/esp32.hpp:19:30:[m[K [01;36m[Knote: [m[Kdeclared here
[2.584s]    19 |     boost::asio::serial_port [01;36m[Kserial_[m[K;
[2.584s]       |                              [01;36m[K^~~~~~~[m[K
[2.584s] [01m[K/home/santhosh/Desktop/ros2_ws/pendulum_control/src/esp32_interface/src/esp32.cpp:45:20:[m[K [01;31m[Kerror: [m[Kinvalid use of member â€˜[01m[KESP32Interface::serial_[m[Kâ€™ in static member function
[2.584s]    45 |         size_t n = [01;31m[Kserial_[m[K.read_some(boost::asio::buffer(&byte, 1), ec);
[2.584s]       |                    [01;31m[K^~~~~~~[m[K
[2.584s] In file included from [01m[K/home/santhosh/Desktop/ros2_ws/pendulum_control/src/esp32_interface/src/esp32.cpp:1[m[K:
[2.584s] [01m[K/home/santhosh/Desktop/ros2_ws/pendulum_control/src/esp32_interface/include/esp32_interface/esp32.hpp:19:30:[m[K [01;36m[Knote: [m[Kdeclared here
[2.584s]    19 |     boost::asio::serial_port [01;36m[Kserial_[m[K;
[2.584s]       |                              [01;36m[K^~~~~~~[m[K
[2.584s] [01m[K/home/santhosh/Desktop/ros2_ws/pendulum_control/src/esp32_interface/src/esp32.cpp:72:20:[m[K [01;31m[Kerror: [m[Kinvalid use of member â€˜[01m[KESP32Interface::serial_[m[Kâ€™ in static member function
[2.584s]    72 |         size_t n = [01;31m[Kserial_[m[K.read_some(boost::asio::buffer(resp + total_read, PACKET_SIZE - total_read), ec);
[2.584s]       |                    [01;31m[K^~~~~~~[m[K
[2.584s] In file included from [01m[K/home/santhosh/Desktop/ros2_ws/pendulum_control/src/esp32_interface/src/esp32.cpp:1[m[K:
[2.584s] [01m[K/home/santhosh/Desktop/ros2_ws/pendulum_control/src/esp32_interface/include/esp32_interface/esp32.hpp:19:30:[m[K [01;36m[Knote: [m[Kdeclared here
[2.584s]    19 |     boost::asio::serial_port [01;36m[Kserial_[m[K;
[2.584s]       |                              [01;36m[K^~~~~~~[m[K
[2.584s] [01m[K/home/santhosh/Desktop/ros2_ws/pendulum_control/src/esp32_interface/src/esp32.cpp:[m[K At global scope:
[2.584s] [01m[K/home/santhosh/Desktop/ros2_ws/pendulum_control/src/esp32_interface/src/esp32.cpp:133:1:[m[K [01;31m[Kerror: [m[KISO C++ forbids declaration of â€˜[01m[KreadDataPubliherThread[m[Kâ€™ with no type [[01;31m[K]8;;https://gcc.gnu.org/onlinedocs/gcc/Warning-Options.html#index-fpermissive-fpermissive]8;;[m[K]
[2.584s]   133 | [01;31m[KESP32Interface[m[K::readDataPubliherThread(){
[2.585s]       | [01;31m[K^~~~~~~~~~~~~~[m[K
[2.585s] [01m[K/home/santhosh/Desktop/ros2_ws/pendulum_control/src/esp32_interface/src/esp32.cpp:133:1:[m[K [01;31m[Kerror: [m[Kno declaration matches â€˜[01m[Kint ESP32Interface::readDataPubliherThread()[m[Kâ€™
[2.585s] In file included from [01m[K/home/santhosh/Desktop/ros2_ws/pendulum_control/src/esp32_interface/src/esp32.cpp:1[m[K:
[2.585s] [01m[K/home/santhosh/Desktop/ros2_ws/pendulum_control/src/esp32_interface/include/esp32_interface/esp32.hpp:21:10:[m[K [01;36m[Knote: [m[Kcandidate is: â€˜[01m[Kvoid ESP32Interface::readDataPubliherThread()[m[Kâ€™
[2.585s]    21 |     void [01;36m[KreadDataPubliherThread[m[K();
[2.585s]       |          [01;36m[K^~~~~~~~~~~~~~~~~~~~~~[m[K
[2.585s] [01m[K/home/santhosh/Desktop/ros2_ws/pendulum_control/src/esp32_interface/include/esp32_interface/esp32.hpp:7:7:[m[K [01;36m[Knote: [m[Kâ€˜[01m[Kclass ESP32Interface[m[Kâ€™ defined here
[2.585s]     7 | class [01;36m[KESP32Interface[m[K : public rclcpp::Node
[2.585s]       |       [01;36m[K^~~~~~~~~~~~~~[m[K
[3.287s] gmake[2]: *** [CMakeFiles/esp32_interface_node.dir/build.make:76: CMakeFiles/esp32_interface_node.dir/src/esp32.cpp.o] Error 1
[3.287s] gmake[1]: *** [CMakeFiles/Makefile2:137: CMakeFiles/esp32_interface_node.dir/all] Error 2
[3.287s] gmake: *** [Makefile:146: all] Error 2
[3.290s] Invoked command in '/home/santhosh/Desktop/ros2_ws/pendulum_control/build/esp32_interface' returned '2': AMENT_PREFIX_PATH=/home/santhosh/Desktop/ros2_ws/pendulum_control/install/esp32_msgs:${AMENT_PREFIX_PATH} CMAKE_PREFIX_PATH=/home/santhosh/Desktop/ros2_ws/pendulum_control/install/esp32_msgs:/opt/ros/humble LD_LIBRARY_PATH=/home/santhosh/Desktop/ros2_ws/pendulum_control/install/esp32_msgs/lib:${LD_LIBRARY_PATH} PYTHONPATH=/home/santhosh/Desktop/ros2_ws/pendulum_control/install/esp32_msgs/local/lib/python3.10/dist-packages:${PYTHONPATH} /usr/bin/cmake --build /home/santhosh/Desktop/ros2_ws/pendulum_control/build/esp32_interface -- -j16 -l16
