[0.013s] Invoking command in '/home/santhosh/Desktop/ros2_ws/pendulum_control/build/esp32_interface': AMENT_PREFIX_PATH=/home/santhosh/Desktop/ros2_ws/pendulum_control/install/esp32_msgs:${AMENT_PREFIX_PATH} CMAKE_PREFIX_PATH=/home/santhosh/Desktop/ros2_ws/pendulum_control/install/esp32_msgs:/opt/ros/humble LD_LIBRARY_PATH=/home/santhosh/Desktop/ros2_ws/pendulum_control/install/esp32_msgs/lib:${LD_LIBRARY_PATH} PYTHONPATH=/home/santhosh/Desktop/ros2_ws/pendulum_control/install/esp32_msgs/local/lib/python3.10/dist-packages:${PYTHONPATH} /usr/bin/cmake --build /home/santhosh/Desktop/ros2_ws/pendulum_control/build/esp32_interface -- -j16 -l16
[0.059s] [35m[1mConsolidate compiler generated dependencies of target esp32_interface_node[0m
[0.089s] [ 50%] [32mBuilding CXX object CMakeFiles/esp32_interface_node.dir/src/esp32.cpp.o[0m
[2.603s] [01m[K/home/santhosh/Desktop/ros2_ws/pendulum_control/src/esp32_interface/src/esp32.cpp:[m[K In constructor â€˜[01m[KESP32Interface::ESP32Interface()[m[Kâ€™:
[2.603s] [01m[K/home/santhosh/Desktop/ros2_ws/pendulum_control/src/esp32_interface/src/esp32.cpp:3:42:[m[K [01;31m[Kerror: [m[Kâ€˜[01m[Kesp_32_interface[m[Kâ€™ was not declared in this scope; did you mean â€˜[01m[KESP32Interface[m[Kâ€™?
[2.603s]     3 | ESP32Interface::ESP32Interface()  : Node([01;31m[Kesp_32_interface[m[K), serial_(io_)
[2.603s]       |                                          [01;31m[K^~~~~~~~~~~~~~~~[m[K
[2.603s]       |                                          [32m[KESP32Interface[m[K
[2.619s] [01m[K/home/santhosh/Desktop/ros2_ws/pendulum_control/src/esp32_interface/src/esp32.cpp:19:5:[m[K [01;31m[Kerror: [m[Kâ€˜[01m[Ki2c_read_timer_[m[Kâ€™ was not declared in this scope
[2.620s]    19 |     [01;31m[Ki2c_read_timer_[m[K = this->create_wall_timer(10ms, std::bind(&ESP32Interface::readDataPubliherThread, this));
[2.620s]       |     [01;31m[K^~~~~~~~~~~~~~~[m[K
[2.620s] [01m[K/home/santhosh/Desktop/ros2_ws/pendulum_control/src/esp32_interface/src/esp32.cpp:19:47:[m[K [01;31m[Kerror: [m[Kunable to find numeric literal operator â€˜[01m[Koperator""ms[m[Kâ€™
[2.620s]    19 |     i2c_read_timer_ = this->create_wall_timer([01;31m[K10ms[m[K, std::bind(&ESP32Interface::readDataPubliherThread, this));
[2.620s]       |                                               [01;31m[K^~~~[m[K
[2.624s] [01m[K/home/santhosh/Desktop/ros2_ws/pendulum_control/src/esp32_interface/src/esp32.cpp:21:14:[m[K [01;31m[Kerror: [m[Kbase operand of â€˜[01m[K->[m[Kâ€™ has non-pointer type â€˜[01m[Kesp32_msgs::msg::ImuData[m[Kâ€™ {aka â€˜[01m[Kesp32_msgs::msg::ImuData_<std::allocator<void> >[m[Kâ€™}
[2.624s]    21 |     imu_data_[01;31m[K->[m[Kax = 0;
[2.625s]       |              [01;31m[K^~[m[K
[2.625s] [01m[K/home/santhosh/Desktop/ros2_ws/pendulum_control/src/esp32_interface/src/esp32.cpp:22:14:[m[K [01;31m[Kerror: [m[Kbase operand of â€˜[01m[K->[m[Kâ€™ has non-pointer type â€˜[01m[Kesp32_msgs::msg::ImuData[m[Kâ€™ {aka â€˜[01m[Kesp32_msgs::msg::ImuData_<std::allocator<void> >[m[Kâ€™}
[2.625s]    22 |     imu_data_[01;31m[K->[m[Kay = 0;
[2.625s]       |              [01;31m[K^~[m[K
[2.625s] [01m[K/home/santhosh/Desktop/ros2_ws/pendulum_control/src/esp32_interface/src/esp32.cpp:23:14:[m[K [01;31m[Kerror: [m[Kbase operand of â€˜[01m[K->[m[Kâ€™ has non-pointer type â€˜[01m[Kesp32_msgs::msg::ImuData[m[Kâ€™ {aka â€˜[01m[Kesp32_msgs::msg::ImuData_<std::allocator<void> >[m[Kâ€™}
[2.625s]    23 |     imu_data_[01;31m[K->[m[Kaz = 0;
[2.625s]       |              [01;31m[K^~[m[K
[2.625s] [01m[K/home/santhosh/Desktop/ros2_ws/pendulum_control/src/esp32_interface/src/esp32.cpp:[m[K In static member function â€˜[01m[Kstatic ESP32Interface::esp_read_response_ ESP32Interface::read_register(uint8_t, int, int16_t&)[m[Kâ€™:
[2.625s] [01m[K/home/santhosh/Desktop/ros2_ws/pendulum_control/src/esp32_interface/src/esp32.cpp:34:24:[m[K [01;31m[Kerror: [m[Kinvalid use of member â€˜[01m[KESP32Interface::serial_[m[Kâ€™ in static member function
[2.625s]    34 |     boost::asio::write([01;31m[Kserial_[m[K, boost::asio::buffer(request, 2));
[2.625s]       |                        [01;31m[K^~~~~~~[m[K
[2.626s] In file included from [01m[K/home/santhosh/Desktop/ros2_ws/pendulum_control/src/esp32_interface/src/esp32.cpp:1[m[K:
[2.626s] [01m[K/home/santhosh/Desktop/ros2_ws/pendulum_control/src/esp32_interface/include/esp32_interface/esp32.hpp:19:30:[m[K [01;36m[Knote: [m[Kdeclared here
[2.626s]    19 |     boost::asio::serial_port [01;36m[Kserial_[m[K;
[2.626s]       |                              [01;36m[K^~~~~~~[m[K
[2.626s] [01m[K/home/santhosh/Desktop/ros2_ws/pendulum_control/src/esp32_interface/src/esp32.cpp:45:20:[m[K [01;31m[Kerror: [m[Kinvalid use of member â€˜[01m[KESP32Interface::serial_[m[Kâ€™ in static member function
[2.626s]    45 |         size_t n = [01;31m[Kserial_[m[K.read_some(boost::asio::buffer(&byte, 1), ec);
[2.626s]       |                    [01;31m[K^~~~~~~[m[K
[2.626s] In file included from [01m[K/home/santhosh/Desktop/ros2_ws/pendulum_control/src/esp32_interface/src/esp32.cpp:1[m[K:
[2.626s] [01m[K/home/santhosh/Desktop/ros2_ws/pendulum_control/src/esp32_interface/include/esp32_interface/esp32.hpp:19:30:[m[K [01;36m[Knote: [m[Kdeclared here
[2.626s]    19 |     boost::asio::serial_port [01;36m[Kserial_[m[K;
[2.626s]       |                              [01;36m[K^~~~~~~[m[K
[2.626s] [01m[K/home/santhosh/Desktop/ros2_ws/pendulum_control/src/esp32_interface/src/esp32.cpp:72:20:[m[K [01;31m[Kerror: [m[Kinvalid use of member â€˜[01m[KESP32Interface::serial_[m[Kâ€™ in static member function
[2.626s]    72 |         size_t n = [01;31m[Kserial_[m[K.read_some(boost::asio::buffer(resp + total_read, PACKET_SIZE - total_read), ec);
[2.626s]       |                    [01;31m[K^~~~~~~[m[K
[2.626s] In file included from [01m[K/home/santhosh/Desktop/ros2_ws/pendulum_control/src/esp32_interface/src/esp32.cpp:1[m[K:
[2.626s] [01m[K/home/santhosh/Desktop/ros2_ws/pendulum_control/src/esp32_interface/include/esp32_interface/esp32.hpp:19:30:[m[K [01;36m[Knote: [m[Kdeclared here
[2.626s]    19 |     boost::asio::serial_port [01;36m[Kserial_[m[K;
[2.626s]       |                              [01;36m[K^~~~~~~[m[K
[2.626s] [01m[K/home/santhosh/Desktop/ros2_ws/pendulum_control/src/esp32_interface/src/esp32.cpp:[m[K At global scope:
[2.626s] [01m[K/home/santhosh/Desktop/ros2_ws/pendulum_control/src/esp32_interface/src/esp32.cpp:133:40:[m[K [01;31m[Kerror: [m[Kâ€˜[01m[Krclcpp::TimerBase::SharedPtr ESP32Interface::readDataPubliherThread[m[Kâ€™ is private within this context
[2.626s]   133 | ESP32Interface::readDataPubliherThread([01;31m[K)[m[K{
[2.626s]       |                                        [01;31m[K^[m[K
[2.626s] In file included from [01m[K/home/santhosh/Desktop/ros2_ws/pendulum_control/src/esp32_interface/src/esp32.cpp:1[m[K:
[2.626s] [01m[K/home/santhosh/Desktop/ros2_ws/pendulum_control/src/esp32_interface/include/esp32_interface/esp32.hpp:20:34:[m[K [01;36m[Knote: [m[Kdeclared private here
[2.626s]    20 |     rclcpp::TimerBase::SharedPtr [01;36m[KreadDataPubliherThread[m[K;
[2.627s]       |                                  [01;36m[K^~~~~~~~~~~~~~~~~~~~~~[m[K
[2.627s] [01m[K/home/santhosh/Desktop/ros2_ws/pendulum_control/src/esp32_interface/src/esp32.cpp:133:1:[m[K [01;31m[Kerror: [m[KISO C++ forbids declaration of â€˜[01m[KreadDataPubliherThread[m[Kâ€™ with no type [[01;31m[K]8;;https://gcc.gnu.org/onlinedocs/gcc/Warning-Options.html#index-fpermissive-fpermissive]8;;[m[K]
[2.627s]   133 | [01;31m[KESP32Interface[m[K::readDataPubliherThread(){
[2.627s]       | [01;31m[K^~~~~~~~~~~~~~[m[K
[2.627s] [01m[K/home/santhosh/Desktop/ros2_ws/pendulum_control/src/esp32_interface/src/esp32.cpp:133:1:[m[K [01;31m[Kerror: [m[Kno declaration matches â€˜[01m[Kint ESP32Interface::readDataPubliherThread()[m[Kâ€™
[2.627s] In file included from [01m[K/home/santhosh/Desktop/ros2_ws/pendulum_control/src/esp32_interface/src/esp32.cpp:1[m[K:
[2.627s] [01m[K/home/santhosh/Desktop/ros2_ws/pendulum_control/src/esp32_interface/include/esp32_interface/esp32.hpp:20:34:[m[K [01;36m[Knote: [m[Kcandidate is: â€˜[01m[Krclcpp::TimerBase::SharedPtr ESP32Interface::readDataPubliherThread[m[Kâ€™
[2.627s]    20 |     rclcpp::TimerBase::SharedPtr [01;36m[KreadDataPubliherThread[m[K;
[2.627s]       |                                  [01;36m[K^~~~~~~~~~~~~~~~~~~~~~[m[K
[2.627s] [01m[K/home/santhosh/Desktop/ros2_ws/pendulum_control/src/esp32_interface/include/esp32_interface/esp32.hpp:7:7:[m[K [01;36m[Knote: [m[Kâ€˜[01m[Kclass ESP32Interface[m[Kâ€™ defined here
[2.627s]     7 | class [01;36m[KESP32Interface[m[K : public rclcpp::Node
[2.627s]       |       [01;36m[K^~~~~~~~~~~~~~[m[K
[3.723s] gmake[2]: *** [CMakeFiles/esp32_interface_node.dir/build.make:76: CMakeFiles/esp32_interface_node.dir/src/esp32.cpp.o] Error 1
[3.723s] gmake[1]: *** [CMakeFiles/Makefile2:137: CMakeFiles/esp32_interface_node.dir/all] Error 2
[3.723s] gmake: *** [Makefile:146: all] Error 2
[3.725s] Invoked command in '/home/santhosh/Desktop/ros2_ws/pendulum_control/build/esp32_interface' returned '2': AMENT_PREFIX_PATH=/home/santhosh/Desktop/ros2_ws/pendulum_control/install/esp32_msgs:${AMENT_PREFIX_PATH} CMAKE_PREFIX_PATH=/home/santhosh/Desktop/ros2_ws/pendulum_control/install/esp32_msgs:/opt/ros/humble LD_LIBRARY_PATH=/home/santhosh/Desktop/ros2_ws/pendulum_control/install/esp32_msgs/lib:${LD_LIBRARY_PATH} PYTHONPATH=/home/santhosh/Desktop/ros2_ws/pendulum_control/install/esp32_msgs/local/lib/python3.10/dist-packages:${PYTHONPATH} /usr/bin/cmake --build /home/santhosh/Desktop/ros2_ws/pendulum_control/build/esp32_interface -- -j16 -l16
