[0.009s] Invoking command in '/home/santhosh/Desktop/ros2_ws/pendulum_control/build/esp32_interface': CMAKE_PREFIX_PATH=/home/santhosh/Desktop/ros2_ws/pendulum_control/install/esp32_msgs:/home/santhosh/Desktop/ros2_ws/pendulum_control/install/esp32_interface:/opt/ros/humble /usr/bin/cmake --build /home/santhosh/Desktop/ros2_ws/pendulum_control/build/esp32_interface -- -j16 -l16
[0.054s] [35m[1mConsolidate compiler generated dependencies of target esp32_interface_node[0m
[0.087s] [ 50%] [32mBuilding CXX object CMakeFiles/esp32_interface_node.dir/src/esp32.cpp.o[0m
[2.405s] In file included from [01m[K/home/santhosh/Desktop/ros2_ws/pendulum_control/src/esp32_interface/src/esp32.cpp:1[m[K:
[2.405s] [01m[K/home/santhosh/Desktop/ros2_ws/pendulum_control/src/esp32_interface/include/esp32_interface/esp32.hpp:30:53:[m[K [01;31m[Kerror: [m[Kexpected â€˜[01m[K;[m[Kâ€™ at end of member declaration
[2.405s]    30 |     bool check_size(uint8_t addr, size_t actual_size[01;31m[K)[m[K
[2.405s]       |                                                     [01;31m[K^[m[K
[2.405s]       |                                                      [32m[K;[m[K
[2.412s] [01m[K/home/santhosh/Desktop/ros2_ws/pendulum_control/src/esp32_interface/include/esp32_interface/esp32.hpp:44:33:[m[K [01;31m[Kerror: [m[Kâ€˜[01m[Ksrv[m[Kâ€™ is not a member of â€˜[01m[Kesp32_msgs[m[Kâ€™; did you mean â€˜[01m[Krcl_interfaces::srv[m[Kâ€™?
[2.412s]    44 |     rclcpp::Service<esp32_msgs::[01;31m[Ksrv[m[K::Calibrate>::SharedPtr caliberation_service_;
[2.412s]       |                                 [01;31m[K^~~[m[K
[2.412s] In file included from [01m[K/opt/ros/humble/include/rcl_interfaces/rcl_interfaces/srv/describe_parameters.hpp:7[m[K,
[2.412s]                  from [01m[K/opt/ros/humble/include/rclcpp/rclcpp/parameter_client.hpp:28[m[K,
[2.412s]                  from [01m[K/opt/ros/humble/include/rclcpp/rclcpp/rclcpp.hpp:159[m[K,
[2.412s]                  from [01m[K/home/santhosh/Desktop/ros2_ws/pendulum_control/src/esp32_interface/include/esp32_interface/esp32.hpp:3[m[K,
[2.412s]                  from [01m[K/home/santhosh/Desktop/ros2_ws/pendulum_control/src/esp32_interface/src/esp32.cpp:1[m[K:
[2.412s] [01m[K/opt/ros/humble/include/rcl_interfaces/rcl_interfaces/srv/detail/describe_parameters__struct.hpp:27:11:[m[K [01;36m[Knote: [m[Kâ€˜[01m[Krcl_interfaces::srv[m[Kâ€™ declared here
[2.412s]    27 | namespace [01;36m[Ksrv[m[K
[2.412s]       |           [01;36m[K^~~[m[K
[2.412s] In file included from [01m[K/home/santhosh/Desktop/ros2_ws/pendulum_control/src/esp32_interface/src/esp32.cpp:1[m[K:
[2.413s] [01m[K/home/santhosh/Desktop/ros2_ws/pendulum_control/src/esp32_interface/include/esp32_interface/esp32.hpp:44:47:[m[K [01;31m[Kerror: [m[Ktemplate argument 1 is invalid
[2.413s]    44 |     rclcpp::Service<esp32_msgs::srv::Calibrate[01;31m[K>[m[K::SharedPtr caliberation_service_;
[2.413s]       |                                               [01;31m[K^[m[K
[2.413s] [01m[K/home/santhosh/Desktop/ros2_ws/pendulum_control/src/esp32_interface/include/esp32_interface/esp32.hpp:44:50:[m[K [01;31m[Kerror: [m[Kexpected â€˜[01m[K;[m[Kâ€™ at end of member declaration
[2.413s]    44 |     rclcpp::Service<esp32_msgs::srv::Calibrate>::[01;31m[KSharedPtr[m[K caliberation_service_;
[2.413s]       |                                                  [01;31m[K^~~~~~~~~[m[K
[2.413s]       |                                                           [32m[K;[m[K
[2.420s] [01m[K/home/santhosh/Desktop/ros2_ws/pendulum_control/src/esp32_interface/include/esp32_interface/esp32.hpp:44:60:[m[K [01;31m[Kerror: [m[Kâ€˜[01m[Kcaliberation_service_[m[Kâ€™ does not name a type
[2.421s]    44 |     rclcpp::Service<esp32_msgs::srv::Calibrate>::SharedPtr [01;31m[Kcaliberation_service_[m[K;
[2.421s]       |                                                            [01;31m[K^~~~~~~~~~~~~~~~~~~~~[m[K
[2.421s] [01m[K/home/santhosh/Desktop/ros2_ws/pendulum_control/src/esp32_interface/include/esp32_interface/esp32.hpp:53:12:[m[K [01;35m[Kwarning: [m[KISO C++ forbids flexible array member â€˜[01m[Kpending_read_requests[m[Kâ€™ [[01;35m[K]8;;https://gcc.gnu.org/onlinedocs/gcc/Warning-Options.html#index-Wpedantic-Wpedantic]8;;[m[K]
[2.421s]    53 |     int8_t [01;35m[Kpending_read_requests[m[K[];
[2.421s]       |            [01;35m[K^~~~~~~~~~~~~~~~~~~~~[m[K
[2.433s] [01m[K/home/santhosh/Desktop/ros2_ws/pendulum_control/src/esp32_interface/include/esp32_interface/esp32.hpp:53:12:[m[K [01;31m[Kerror: [m[Kflexible array member â€˜[01m[KESP32Interface::pending_read_requests[m[Kâ€™ not at end of â€˜[01m[Kclass ESP32Interface[m[Kâ€™
[2.456s] [01m[K/home/santhosh/Desktop/ros2_ws/pendulum_control/src/esp32_interface/src/esp32.cpp:[m[K In constructor â€˜[01m[KESP32Interface::ESP32Interface(int, char**, rclcpp::NodeOptions&)[m[Kâ€™:
[2.456s] [01m[K/home/santhosh/Desktop/ros2_ws/pendulum_control/src/esp32_interface/src/esp32.cpp:25:5:[m[K [01;31m[Kerror: [m[Kâ€˜[01m[Kcaliberation_service_[m[Kâ€™ was not declared in this scope
[2.456s]    25 |     [01;31m[Kcaliberation_service_[m[K = this->create_service<esp32_msgs::srv::Calibrate>(
[2.456s]       |     [01;31m[K^~~~~~~~~~~~~~~~~~~~~[m[K
[2.457s] [01m[K/home/santhosh/Desktop/ros2_ws/pendulum_control/src/esp32_interface/src/esp32.cpp:25:62:[m[K [01;31m[Kerror: [m[Kâ€˜[01m[Ksrv[m[Kâ€™ is not a member of â€˜[01m[Kesp32_msgs[m[Kâ€™; did you mean â€˜[01m[Krcl_interfaces::srv[m[Kâ€™?
[2.457s]    25 |     caliberation_service_ = this->create_service<esp32_msgs::[01;31m[Ksrv[m[K::Calibrate>(
[2.457s]       |                                                              [01;31m[K^~~[m[K
[2.457s] In file included from [01m[K/opt/ros/humble/include/rcl_interfaces/rcl_interfaces/srv/describe_parameters.hpp:7[m[K,
[2.457s]                  from [01m[K/opt/ros/humble/include/rclcpp/rclcpp/parameter_client.hpp:28[m[K,
[2.457s]                  from [01m[K/opt/ros/humble/include/rclcpp/rclcpp/rclcpp.hpp:159[m[K,
[2.458s]                  from [01m[K/home/santhosh/Desktop/ros2_ws/pendulum_control/src/esp32_interface/include/esp32_interface/esp32.hpp:3[m[K,
[2.458s]                  from [01m[K/home/santhosh/Desktop/ros2_ws/pendulum_control/src/esp32_interface/src/esp32.cpp:1[m[K:
[2.458s] [01m[K/opt/ros/humble/include/rcl_interfaces/rcl_interfaces/srv/detail/describe_parameters__struct.hpp:27:11:[m[K [01;36m[Knote: [m[Kâ€˜[01m[Krcl_interfaces::srv[m[Kâ€™ declared here
[2.458s]    27 | namespace [01;36m[Ksrv[m[K
[2.458s]       |           [01;36m[K^~~[m[K
[2.458s] [01m[K/home/santhosh/Desktop/ros2_ws/pendulum_control/src/esp32_interface/src/esp32.cpp:25:35:[m[K [01;31m[Kerror: [m[Kparse error in template argument list
[2.458s]    25 |     caliberation_service_ = this->[01;31m[Kcreate_service<esp32_msgs::srv::Calibrate>[m[K(
[2.458s]       |                                   [01;31m[K^~~~~~~~~~~~~~~~~~~~~~~~~~~~~~~~~~~~~~~~~~[m[K
[2.458s] [01m[K/home/santhosh/Desktop/ros2_ws/pendulum_control/src/esp32_interface/src/esp32.cpp:26:49:[m[K [01;31m[Kerror: [m[Kâ€˜[01m[Kcalibrate[m[Kâ€™ is not a member of â€˜[01m[KESP32Interface[m[Kâ€™
[2.458s]    26 |         "calibrate", std::bind(&ESP32Interface::[01;31m[Kcalibrate[m[K, this, std::placeholders::_1, std::placeholders::_2));
[2.458s]       |                                                 [01;31m[K^~~~~~~~~[m[K
[2.460s] [01m[K/home/santhosh/Desktop/ros2_ws/pendulum_control/src/esp32_interface/src/esp32.cpp:38:6:[m[K [01;31m[Kerror: [m[Kexpected â€˜[01m[K;[m[Kâ€™ before â€˜[01m[Kread_register[m[Kâ€™
[2.460s]    38 |     }
[2.460s]       |      [01;31m[K^[m[K
[2.461s]       |      [32m[K;[m[K
[2.461s]    39 |     // read imu full scale
[2.461s]    40 |     [32m[Kread_register[m[K(0x1C);
[2.461s]       |     [32m[K~~~~~~~~~~~~~[m[K
[2.461s] [01m[K/home/santhosh/Desktop/ros2_ws/pendulum_control/src/esp32_interface/src/esp32.cpp:3:36:[m[K [01;35m[Kwarning: [m[Kunused parameter â€˜[01m[Kargc[m[Kâ€™ [[01;35m[K]8;;https://gcc.gnu.org/onlinedocs/gcc/Warning-Options.html#index-Wunused-parameter-Wunused-parameter]8;;[m[K]
[2.461s]     3 | ESP32Interface::ESP32Interface([01;35m[Kint argc[m[K, char **argv, rclcpp::NodeOptions &options)
[2.461s]       |                                [01;35m[K~~~~^~~~[m[K
[2.461s] [01m[K/home/santhosh/Desktop/ros2_ws/pendulum_control/src/esp32_interface/src/esp32.cpp:3:49:[m[K [01;35m[Kwarning: [m[Kunused parameter â€˜[01m[Kargv[m[Kâ€™ [[01;35m[K]8;;https://gcc.gnu.org/onlinedocs/gcc/Warning-Options.html#index-Wunused-parameter-Wunused-parameter]8;;[m[K]
[2.461s]     3 | ESP32Interface::ESP32Interface(int argc, [01;35m[Kchar **argv[m[K, rclcpp::NodeOptions &options)
[2.461s]       |                                          [01;35m[K~~~~~~~^~~~[m[K
[2.462s] [01m[K/home/santhosh/Desktop/ros2_ws/pendulum_control/src/esp32_interface/src/esp32.cpp:[m[K At global scope:
[2.462s] [01m[K/home/santhosh/Desktop/ros2_ws/pendulum_control/src/esp32_interface/src/esp32.cpp:50:66:[m[K [01;31m[Kerror: [m[Kâ€˜[01m[Ksrv[m[Kâ€™ is not a member of â€˜[01m[Kesp32_msgs[m[Kâ€™; did you mean â€˜[01m[Krcl_interfaces::srv[m[Kâ€™?
[2.462s]    50 | void ESP32Interface::calibrate(const std::shared_ptr<esp32_msgs::[01;31m[Ksrv[m[K::Calibrate::Request> request,
[2.462s]       |                                                                  [01;31m[K^~~[m[K
[2.462s] In file included from [01m[K/opt/ros/humble/include/rcl_interfaces/rcl_interfaces/srv/describe_parameters.hpp:7[m[K,
[2.462s]                  from [01m[K/opt/ros/humble/include/rclcpp/rclcpp/parameter_client.hpp:28[m[K,
[2.462s]                  from [01m[K/opt/ros/humble/include/rclcpp/rclcpp/rclcpp.hpp:159[m[K,
[2.462s]                  from [01m[K/home/santhosh/Desktop/ros2_ws/pendulum_control/src/esp32_interface/include/esp32_interface/esp32.hpp:3[m[K,
[2.462s]                  from [01m[K/home/santhosh/Desktop/ros2_ws/pendulum_control/src/esp32_interface/src/esp32.cpp:1[m[K:
[2.462s] [01m[K/opt/ros/humble/include/rcl_interfaces/rcl_interfaces/srv/detail/describe_parameters__struct.hpp:27:11:[m[K [01;36m[Knote: [m[Kâ€˜[01m[Krcl_interfaces::srv[m[Kâ€™ declared here
[2.462s]    27 | namespace [01;36m[Ksrv[m[K
[2.463s]       |           [01;36m[K^~~[m[K
[2.463s] [01m[K/home/santhosh/Desktop/ros2_ws/pendulum_control/src/esp32_interface/src/esp32.cpp:50:89:[m[K [01;31m[Kerror: [m[Ktemplate argument 1 is invalid
[2.463s]    50 | void ESP32Interface::calibrate(const std::shared_ptr<esp32_msgs::srv::Calibrate::Request[01;31m[K>[m[K request,
[2.463s]       |                                                                                         [01;31m[K^[m[K
[2.463s] [01m[K/home/santhosh/Desktop/ros2_ws/pendulum_control/src/esp32_interface/src/esp32.cpp:50:66:[m[K [01;31m[Kerror: [m[Kâ€˜[01m[Ksrv[m[Kâ€™ is not a member of â€˜[01m[Kesp32_msgs[m[Kâ€™; did you mean â€˜[01m[Krcl_interfaces::srv[m[Kâ€™?
[2.463s]    50 | void ESP32Interface::calibrate(const std::shared_ptr<esp32_msgs::[01;31m[Ksrv[m[K::Calibrate::Request> request,
[2.463s]       |                                                                  [01;31m[K^~~[m[K
[2.463s] In file included from [01m[K/opt/ros/humble/include/rcl_interfaces/rcl_interfaces/srv/describe_parameters.hpp:7[m[K,
[2.463s]                  from [01m[K/opt/ros/humble/include/rclcpp/rclcpp/parameter_client.hpp:28[m[K,
[2.463s]                  from [01m[K/opt/ros/humble/include/rclcpp/rclcpp/rclcpp.hpp:159[m[K,
[2.463s]                  from [01m[K/home/santhosh/Desktop/ros2_ws/pendulum_control/src/esp32_interface/include/esp32_interface/esp32.hpp:3[m[K,
[2.463s]                  from [01m[K/home/santhosh/Desktop/ros2_ws/pendulum_control/src/esp32_interface/src/esp32.cpp:1[m[K:
[2.463s] [01m[K/opt/ros/humble/include/rcl_interfaces/rcl_interfaces/srv/detail/describe_parameters__struct.hpp:27:11:[m[K [01;36m[Knote: [m[Kâ€˜[01m[Krcl_interfaces::srv[m[Kâ€™ declared here
[2.463s]    27 | namespace [01;36m[Ksrv[m[K
[2.463s]       |           [01;36m[K^~~[m[K
[2.463s] [01m[K/home/santhosh/Desktop/ros2_ws/pendulum_control/src/esp32_interface/src/esp32.cpp:50:89:[m[K [01;31m[Kerror: [m[Ktemplate argument 1 is invalid
[2.463s]    50 | void ESP32Interface::calibrate(const std::shared_ptr<esp32_msgs::srv::Calibrate::Request[01;31m[K>[m[K request,
[2.463s]       |                                                                                         [01;31m[K^[m[K
[2.463s] [01m[K/home/santhosh/Desktop/ros2_ws/pendulum_control/src/esp32_interface/src/esp32.cpp:50:66:[m[K [01;31m[Kerror: [m[Kâ€˜[01m[Ksrv[m[Kâ€™ is not a member of â€˜[01m[Kesp32_msgs[m[Kâ€™; did you mean â€˜[01m[Krcl_interfaces::srv[m[Kâ€™?
[2.463s]    50 | void ESP32Interface::calibrate(const std::shared_ptr<esp32_msgs::[01;31m[Ksrv[m[K::Calibrate::Request> request,
[2.463s]       |                                                                  [01;31m[K^~~[m[K
[2.463s] In file included from [01m[K/opt/ros/humble/include/rcl_interfaces/rcl_interfaces/srv/describe_parameters.hpp:7[m[K,
[2.463s]                  from [01m[K/opt/ros/humble/include/rclcpp/rclcpp/parameter_client.hpp:28[m[K,
[2.463s]                  from [01m[K/opt/ros/humble/include/rclcpp/rclcpp/rclcpp.hpp:159[m[K,
[2.463s]                  from [01m[K/home/santhosh/Desktop/ros2_ws/pendulum_control/src/esp32_interface/include/esp32_interface/esp32.hpp:3[m[K,
[2.463s]                  from [01m[K/home/santhosh/Desktop/ros2_ws/pendulum_control/src/esp32_interface/src/esp32.cpp:1[m[K:
[2.464s] [01m[K/opt/ros/humble/include/rcl_interfaces/rcl_interfaces/srv/detail/describe_parameters__struct.hpp:27:11:[m[K [01;36m[Knote: [m[Kâ€˜[01m[Krcl_interfaces::srv[m[Kâ€™ declared here
[2.464s]    27 | namespace [01;36m[Ksrv[m[K
[2.464s]       |           [01;36m[K^~~[m[K
[2.464s] [01m[K/home/santhosh/Desktop/ros2_ws/pendulum_control/src/esp32_interface/src/esp32.cpp:50:89:[m[K [01;31m[Kerror: [m[Ktemplate argument 1 is invalid
[2.464s]    50 | void ESP32Interface::calibrate(const std::shared_ptr<esp32_msgs::srv::Calibrate::Request[01;31m[K>[m[K request,
[2.464s]       |                                                                                         [01;31m[K^[m[K
[2.464s] [01m[K/home/santhosh/Desktop/ros2_ws/pendulum_control/src/esp32_interface/src/esp32.cpp:50:38:[m[K [01;31m[Kerror: [m[Kinvalid template-id
[2.464s]    50 | void ESP32Interface::calibrate(const [01;31m[Kstd[m[K::shared_ptr<esp32_msgs::srv::Calibrate::Request> request,
[2.464s]       |                                      [01;31m[K^~~[m[K
[2.464s] [01m[K/home/santhosh/Desktop/ros2_ws/pendulum_control/src/esp32_interface/src/esp32.cpp:50:66:[m[K [01;31m[Kerror: [m[Kâ€˜[01m[Ksrv[m[Kâ€™ is not a member of â€˜[01m[Kesp32_msgs[m[Kâ€™; did you mean â€˜[01m[Krcl_interfaces::srv[m[Kâ€™?
[2.464s]    50 | void ESP32Interface::calibrate(const std::shared_ptr<esp32_msgs::[01;31m[Ksrv[m[K::Calibrate::Request> request,
[2.464s]       |                                                                  [01;31m[K^~~[m[K
[2.464s] In file included from [01m[K/opt/ros/humble/include/rcl_interfaces/rcl_interfaces/srv/describe_parameters.hpp:7[m[K,
[2.464s]                  from [01m[K/opt/ros/humble/include/rclcpp/rclcpp/parameter_client.hpp:28[m[K,
[2.464s]                  from [01m[K/opt/ros/humble/include/rclcpp/rclcpp/rclcpp.hpp:159[m[K,
[2.464s]                  from [01m[K/home/santhosh/Desktop/ros2_ws/pendulum_control/src/esp32_interface/include/esp32_interface/esp32.hpp:3[m[K,
[2.464s]                  from [01m[K/home/santhosh/Desktop/ros2_ws/pendulum_control/src/esp32_interface/src/esp32.cpp:1[m[K:
[2.464s] [01m[K/opt/ros/humble/include/rcl_interfaces/rcl_interfaces/srv/detail/describe_parameters__struct.hpp:27:11:[m[K [01;36m[Knote: [m[Kâ€˜[01m[Krcl_interfaces::srv[m[Kâ€™ declared here
[2.464s]    27 | namespace [01;36m[Ksrv[m[K
[2.464s]       |           [01;36m[K^~~[m[K
[2.464s] [01m[K/home/santhosh/Desktop/ros2_ws/pendulum_control/src/esp32_interface/src/esp32.cpp:50:6:[m[K [01;31m[Kerror: [m[Kvariable or field â€˜[01m[Kcalibrate[m[Kâ€™ declared void
[2.464s]    50 | void [01;31m[KESP32Interface[m[K::calibrate(const std::shared_ptr<esp32_msgs::srv::Calibrate::Request> request,
[2.464s]       |      [01;31m[K^~~~~~~~~~~~~~[m[K
[2.464s] [01m[K/home/santhosh/Desktop/ros2_ws/pendulum_control/src/esp32_interface/src/esp32.cpp:50:32:[m[K [01;31m[Kerror: [m[Kexpected primary-expression before â€˜[01m[Kconst[m[Kâ€™
[2.464s]    50 | void ESP32Interface::calibrate([01;31m[Kconst[m[K std::shared_ptr<esp32_msgs::srv::Calibrate::Request> request,
[2.464s]       |                                [01;31m[K^~~~~[m[K
[2.464s] [01m[K/home/santhosh/Desktop/ros2_ws/pendulum_control/src/esp32_interface/src/esp32.cpp:51:60:[m[K [01;31m[Kerror: [m[Kâ€˜[01m[Ksrv[m[Kâ€™ is not a member of â€˜[01m[Kesp32_msgs[m[Kâ€™; did you mean â€˜[01m[Krcl_interfaces::srv[m[Kâ€™?
[2.464s]    51 |                                std::shared_ptr<esp32_msgs::[01;31m[Ksrv[m[K::Calibrate::Response> response)
[2.464s]       |                                                            [01;31m[K^~~[m[K
[2.464s] In file included from [01m[K/opt/ros/humble/include/rcl_interfaces/rcl_interfaces/srv/describe_parameters.hpp:7[m[K,
[2.464s]                  from [01m[K/opt/ros/humble/include/rclcpp/rclcpp/parameter_client.hpp:28[m[K,
[2.464s]                  from [01m[K/opt/ros/humble/include/rclcpp/rclcpp/rclcpp.hpp:159[m[K,
[2.465s]                  from [01m[K/home/santhosh/Desktop/ros2_ws/pendulum_control/src/esp32_interface/include/esp32_interface/esp32.hpp:3[m[K,
[2.465s]                  from [01m[K/home/santhosh/Desktop/ros2_ws/pendulum_control/src/esp32_interface/src/esp32.cpp:1[m[K:
[2.465s] [01m[K/opt/ros/humble/include/rcl_interfaces/rcl_interfaces/srv/detail/describe_parameters__struct.hpp:27:11:[m[K [01;36m[Knote: [m[Kâ€˜[01m[Krcl_interfaces::srv[m[Kâ€™ declared here
[2.465s]    27 | namespace [01;36m[Ksrv[m[K
[2.465s]       |           [01;36m[K^~~[m[K
[2.465s] [01m[K/home/santhosh/Desktop/ros2_ws/pendulum_control/src/esp32_interface/src/esp32.cpp:51:84:[m[K [01;31m[Kerror: [m[Ktemplate argument 1 is invalid
[2.465s]    51 |                                std::shared_ptr<esp32_msgs::srv::Calibrate::Response[01;31m[K>[m[K response)
[2.465s]       |                                                                                    [01;31m[K^[m[K
[2.466s] [01m[K/home/santhosh/Desktop/ros2_ws/pendulum_control/src/esp32_interface/src/esp32.cpp:[m[K In member function â€˜[01m[Kvoid ESP32Interface::handle_packet(const std::vector<unsigned char, std::allocator<unsigned char> >&)[m[Kâ€™:
[2.466s] [01m[K/home/santhosh/Desktop/ros2_ws/pendulum_control/src/esp32_interface/src/esp32.cpp:159:47:[m[K [01;31m[Kerror: [m[Kexpected â€˜[01m[K;[m[Kâ€™ before â€˜[01m[Kbreak[m[Kâ€™
[2.466s]   159 |         imu_full_scale = (accel_config & 0x03)
[2.466s]       |                                               [01;31m[K^[m[K
[2.466s]       |                                               [32m[K;[m[K
[2.467s]   160 |         [32m[Kbreak[m[K;
[2.467s]       |         [32m[K~~~~~[m[K                                  
[2.467s] [01m[K/home/santhosh/Desktop/ros2_ws/pendulum_control/src/esp32_interface/src/esp32.cpp:161:5:[m[K [01;31m[Kerror: [m[Kjump to case label
[2.467s]   161 |     [01;31m[Kdefault[m[K:
[2.467s]       |     [01;31m[K^~~~~~~[m[K
[2.467s] [01m[K/home/santhosh/Desktop/ros2_ws/pendulum_control/src/esp32_interface/src/esp32.cpp:158:17:[m[K [01;36m[Knote: [m[K  crosses initialization of â€˜[01m[Kuint8_t accel_config[m[Kâ€™
[2.467s]   158 |         uint8_t [01;36m[Kaccel_config[m[K = packet[2];
[2.467s]       |                 [01;36m[K^~~~~~~~~~~~[m[K
[2.469s] [01m[K/home/santhosh/Desktop/ros2_ws/pendulum_control/src/esp32_interface/src/esp32.cpp:[m[K In member function â€˜[01m[Kvoid ESP32Interface::read_register(uint8_t)[m[Kâ€™:
[2.469s] [01m[K/home/santhosh/Desktop/ros2_ws/pendulum_control/src/esp32_interface/src/esp32.cpp:171:19:[m[K [01;35m[Kwarning: [m[Kunused variable â€˜[01m[KSTART_BYTE[m[Kâ€™ [[01;35m[K]8;;https://gcc.gnu.org/onlinedocs/gcc/Warning-Options.html#index-Wunused-variable-Wunused-variable]8;;[m[K]
[2.469s]   171 |     const uint8_t [01;35m[KSTART_BYTE[m[K = 0x77;
[2.469s]       |                   [01;35m[K^~~~~~~~~~[m[K
[2.469s] [01m[K/home/santhosh/Desktop/ros2_ws/pendulum_control/src/esp32_interface/src/esp32.cpp:172:19:[m[K [01;35m[Kwarning: [m[Kunused variable â€˜[01m[KEND_BYTE[m[Kâ€™ [[01;35m[K]8;;https://gcc.gnu.org/onlinedocs/gcc/Warning-Options.html#index-Wunused-variable-Wunused-variable]8;;[m[K]
[2.469s]   172 |     const uint8_t [01;35m[KEND_BYTE[m[K = 0xAA;
[2.469s]       |                   [01;35m[K^~~~~~~~[m[K
[2.469s] [01m[K/home/santhosh/Desktop/ros2_ws/pendulum_control/src/esp32_interface/src/esp32.cpp:173:18:[m[K [01;35m[Kwarning: [m[Kunused variable â€˜[01m[KPACKET_SIZE[m[Kâ€™ [[01;35m[K]8;;https://gcc.gnu.org/onlinedocs/gcc/Warning-Options.html#index-Wunused-variable-Wunused-variable]8;;[m[K]
[2.469s]   173 |     const size_t [01;35m[KPACKET_SIZE[m[K = 6; // start + addr + low + high + checksum + end
[2.469s]       |                  [01;35m[K^~~~~~~~~~~[m[K
[3.622s] [01m[K/home/santhosh/Desktop/ros2_ws/pendulum_control/src/esp32_interface/src/esp32.cpp:[m[K In member function â€˜[01m[Kvoid ESP32Interface::handle_packet(const std::vector<unsigned char, std::allocator<unsigned char> >&)[m[Kâ€™:
[3.623s] [01m[K/home/santhosh/Desktop/ros2_ws/pendulum_control/src/esp32_interface/src/esp32.cpp:156:12:[m[K [01;35m[Kwarning: [m[Kthis statement may fall through [[01;35m[K]8;;https://gcc.gnu.org/onlinedocs/gcc/Warning-Options.html#index-Wimplicit-fallthrough=-Wimplicit-fallthrough=]8;;[m[K]
[3.623s]   156 |         [01;35m[Kaz = (packet[7] | (packet[8] << 8))[m[K;
[3.623s]       |         [01;35m[K~~~^~~~~~~~~~~~~~~~~~~~~~~~~~~~~~~~[m[K
[3.623s] [01m[K/home/santhosh/Desktop/ros2_ws/pendulum_control/src/esp32_interface/src/esp32.cpp:157:5:[m[K [01;36m[Knote: [m[Khere
[3.623s]   157 |     [01;36m[Kcase[m[K 0x1C:
[3.623s]       |     [01;36m[K^~~~[m[K
[3.678s] gmake[2]: *** [CMakeFiles/esp32_interface_node.dir/build.make:76: CMakeFiles/esp32_interface_node.dir/src/esp32.cpp.o] Error 1
[3.678s] gmake[1]: *** [CMakeFiles/Makefile2:137: CMakeFiles/esp32_interface_node.dir/all] Error 2
[3.678s] gmake: *** [Makefile:146: all] Error 2
[3.681s] Invoked command in '/home/santhosh/Desktop/ros2_ws/pendulum_control/build/esp32_interface' returned '2': CMAKE_PREFIX_PATH=/home/santhosh/Desktop/ros2_ws/pendulum_control/install/esp32_msgs:/home/santhosh/Desktop/ros2_ws/pendulum_control/install/esp32_interface:/opt/ros/humble /usr/bin/cmake --build /home/santhosh/Desktop/ros2_ws/pendulum_control/build/esp32_interface -- -j16 -l16
