[0.015s] Invoking command in '/home/santhosh/Desktop/ros2_ws/pendulum_control/build/esp32_interface': AMENT_PREFIX_PATH=/home/santhosh/Desktop/ros2_ws/pendulum_control/install/esp32_msgs:${AMENT_PREFIX_PATH} CMAKE_PREFIX_PATH=/home/santhosh/Desktop/ros2_ws/pendulum_control/install/esp32_msgs:/opt/ros/humble LD_LIBRARY_PATH=/home/santhosh/Desktop/ros2_ws/pendulum_control/install/esp32_msgs/lib:${LD_LIBRARY_PATH} PYTHONPATH=/home/santhosh/Desktop/ros2_ws/pendulum_control/install/esp32_msgs/local/lib/python3.10/dist-packages:${PYTHONPATH} /usr/bin/cmake --build /home/santhosh/Desktop/ros2_ws/pendulum_control/build/esp32_interface -- -j16 -l16
[0.062s] [35m[1mConsolidate compiler generated dependencies of target esp32_interface_node[0m
[0.094s] [ 50%] [32mBuilding CXX object CMakeFiles/esp32_interface_node.dir/src/esp32.cpp.o[0m
[2.510s] [01m[K/home/santhosh/Desktop/ros2_ws/pendulum_control/src/esp32_interface/src/esp32.cpp:[m[K In constructor â€˜[01m[KESP32Interface::ESP32Interface(int, char**, rclcpp::NodeOptions&)[m[Kâ€™:
[2.510s] [01m[K/home/santhosh/Desktop/ros2_ws/pendulum_control/src/esp32_interface/src/esp32.cpp:3:36:[m[K [01;35m[Kwarning: [m[Kunused parameter â€˜[01m[Kargc[m[Kâ€™ [[01;35m[K]8;;https://gcc.gnu.org/onlinedocs/gcc/Warning-Options.html#index-Wunused-parameter-Wunused-parameter]8;;[m[K]
[2.510s]     3 | ESP32Interface::ESP32Interface([01;35m[Kint argc[m[K, char **argv, rclcpp::NodeOptions &options)
[2.510s]       |                                [01;35m[K~~~~^~~~[m[K
[2.510s] [01m[K/home/santhosh/Desktop/ros2_ws/pendulum_control/src/esp32_interface/src/esp32.cpp:3:49:[m[K [01;35m[Kwarning: [m[Kunused parameter â€˜[01m[Kargv[m[Kâ€™ [[01;35m[K]8;;https://gcc.gnu.org/onlinedocs/gcc/Warning-Options.html#index-Wunused-parameter-Wunused-parameter]8;;[m[K]
[2.510s]     3 | ESP32Interface::ESP32Interface(int argc, [01;35m[Kchar **argv[m[K, rclcpp::NodeOptions &options)
[2.510s]       |                                          [01;35m[K~~~~~~~^~~~[m[K
[2.511s] [01m[K/home/santhosh/Desktop/ros2_ws/pendulum_control/src/esp32_interface/src/esp32.cpp:[m[K In member function â€˜[01m[Kvoid ESP32Interface::readerThread(boost::asio::serial_port&)[m[Kâ€™:
[2.511s] [01m[K/home/santhosh/Desktop/ros2_ws/pendulum_control/src/esp32_interface/src/esp32.cpp:41:19:[m[K [01;35m[Kwarning: [m[Kunused variable â€˜[01m[KSTART_BYTE[m[Kâ€™ [[01;35m[K]8;;https://gcc.gnu.org/onlinedocs/gcc/Warning-Options.html#index-Wunused-variable-Wunused-variable]8;;[m[K]
[2.511s]    41 |     const uint8_t [01;35m[KSTART_BYTE[m[K = 0x77;
[2.511s]       |                   [01;35m[K^~~~~~~~~~[m[K
[2.511s] [01m[K/home/santhosh/Desktop/ros2_ws/pendulum_control/src/esp32_interface/src/esp32.cpp:42:19:[m[K [01;35m[Kwarning: [m[Kunused variable â€˜[01m[KEND_BYTE[m[Kâ€™ [[01;35m[K]8;;https://gcc.gnu.org/onlinedocs/gcc/Warning-Options.html#index-Wunused-variable-Wunused-variable]8;;[m[K]
[2.511s]    42 |     const uint8_t [01;35m[KEND_BYTE[m[K = 0xAA;
[2.511s]       |                   [01;35m[K^~~~~~~~[m[K
[2.511s] [01m[K/home/santhosh/Desktop/ros2_ws/pendulum_control/src/esp32_interface/src/esp32.cpp:43:18:[m[K [01;35m[Kwarning: [m[Kunused variable â€˜[01m[KPACKET_SIZE[m[Kâ€™ [[01;35m[K]8;;https://gcc.gnu.org/onlinedocs/gcc/Warning-Options.html#index-Wunused-variable-Wunused-variable]8;;[m[K]
[2.511s]    43 |     const size_t [01;35m[KPACKET_SIZE[m[K = 11;
[2.511s]       |                  [01;35m[K^~~~~~~~~~~[m[K
[2.512s] [01m[K/home/santhosh/Desktop/ros2_ws/pendulum_control/src/esp32_interface/src/esp32.cpp:[m[K In member function â€˜[01m[Kvoid ESP32Interface::read_register(uint8_t, int, int16_t&)[m[Kâ€™:
[2.512s] [01m[K/home/santhosh/Desktop/ros2_ws/pendulum_control/src/esp32_interface/src/esp32.cpp:106:19:[m[K [01;35m[Kwarning: [m[Kunused variable â€˜[01m[KSTART_BYTE[m[Kâ€™ [[01;35m[K]8;;https://gcc.gnu.org/onlinedocs/gcc/Warning-Options.html#index-Wunused-variable-Wunused-variable]8;;[m[K]
[2.512s]   106 |     const uint8_t [01;35m[KSTART_BYTE[m[K = 0x77;
[2.513s]       |                   [01;35m[K^~~~~~~~~~[m[K
[2.513s] [01m[K/home/santhosh/Desktop/ros2_ws/pendulum_control/src/esp32_interface/src/esp32.cpp:107:19:[m[K [01;35m[Kwarning: [m[Kunused variable â€˜[01m[KEND_BYTE[m[Kâ€™ [[01;35m[K]8;;https://gcc.gnu.org/onlinedocs/gcc/Warning-Options.html#index-Wunused-variable-Wunused-variable]8;;[m[K]
[2.513s]   107 |     const uint8_t [01;35m[KEND_BYTE[m[K = 0xAA;
[2.513s]       |                   [01;35m[K^~~~~~~~[m[K
[2.513s] [01m[K/home/santhosh/Desktop/ros2_ws/pendulum_control/src/esp32_interface/src/esp32.cpp:108:18:[m[K [01;35m[Kwarning: [m[Kunused variable â€˜[01m[KPACKET_SIZE[m[Kâ€™ [[01;35m[K]8;;https://gcc.gnu.org/onlinedocs/gcc/Warning-Options.html#index-Wunused-variable-Wunused-variable]8;;[m[K]
[2.513s]   108 |     const size_t [01;35m[KPACKET_SIZE[m[K = 6; // start + addr + low + high + checksum + end
[2.513s]       |                  [01;35m[K^~~~~~~~~~~[m[K
[2.513s] [01m[K/home/santhosh/Desktop/ros2_ws/pendulum_control/src/esp32_interface/src/esp32.cpp:103:54:[m[K [01;35m[Kwarning: [m[Kunused parameter â€˜[01m[Ktimeout_ms[m[Kâ€™ [[01;35m[K]8;;https://gcc.gnu.org/onlinedocs/gcc/Warning-Options.html#index-Wunused-parameter-Wunused-parameter]8;;[m[K]
[2.513s]   103 | void ESP32Interface::read_register(uint8_t addr, [01;35m[Kint timeout_ms[m[K, int16_t &value)
[2.513s]       |                                                  [01;35m[K~~~~^~~~~~~~~~[m[K
[2.513s] [01m[K/home/santhosh/Desktop/ros2_ws/pendulum_control/src/esp32_interface/src/esp32.cpp:103:75:[m[K [01;35m[Kwarning: [m[Kunused parameter â€˜[01m[Kvalue[m[Kâ€™ [[01;35m[K]8;;https://gcc.gnu.org/onlinedocs/gcc/Warning-Options.html#index-Wunused-parameter-Wunused-parameter]8;;[m[K]
[2.513s]   103 | void ESP32Interface::read_register(uint8_t addr, int timeout_ms, [01;35m[Kint16_t &value[m[K)
[2.513s]       |                                                                  [01;35m[K~~~~~~~~~^~~~~[m[K
[2.513s] [01m[K/home/santhosh/Desktop/ros2_ws/pendulum_control/src/esp32_interface/src/esp32.cpp:[m[K At global scope:
[2.513s] [01m[K/home/santhosh/Desktop/ros2_ws/pendulum_control/src/esp32_interface/src/esp32.cpp:114:6:[m[K [01;31m[Kerror: [m[Kno declaration matches â€˜[01m[Kvoid ESP32Interface::read_batch(uint8_t)[m[Kâ€™
[2.513s]   114 | void [01;31m[KESP32Interface[m[K::read_batch(uint8_t addr)
[2.513s]       |      [01;31m[K^~~~~~~~~~~~~~[m[K
[2.513s] [01m[K/home/santhosh/Desktop/ros2_ws/pendulum_control/src/esp32_interface/src/esp32.cpp:114:6:[m[K [01;36m[Knote: [m[Kno functions named â€˜[01m[Kvoid ESP32Interface::read_batch(uint8_t)[m[Kâ€™
[2.513s] In file included from [01m[K/home/santhosh/Desktop/ros2_ws/pendulum_control/src/esp32_interface/src/esp32.cpp:1[m[K:
[2.513s] [01m[K/home/santhosh/Desktop/ros2_ws/pendulum_control/src/esp32_interface/include/esp32_interface/esp32.hpp:12:7:[m[K [01;36m[Knote: [m[Kâ€˜[01m[Kclass ESP32Interface[m[Kâ€™ defined here
[2.513s]    12 | class [01;36m[KESP32Interface[m[K : public rclcpp::Node
[2.513s]       |       [01;36m[K^~~~~~~~~~~~~~[m[K
[2.520s] [01m[K/home/santhosh/Desktop/ros2_ws/pendulum_control/src/esp32_interface/src/esp32.cpp:[m[K In member function â€˜[01m[Kvoid ESP32Interface::dataQuery()[m[Kâ€™:
[2.520s] [01m[K/home/santhosh/Desktop/ros2_ws/pendulum_control/src/esp32_interface/src/esp32.cpp:125:5:[m[K [01;31m[Kerror: [m[Kâ€˜[01m[Kread_batch[m[Kâ€™ was not declared in this scope; did you mean â€˜[01m[Krealpath[m[Kâ€™?
[2.520s]   125 |     [01;31m[Kread_batch[m[K(0x10);
[2.520s]       |     [01;31m[K^~~~~~~~~~[m[K
[2.520s]       |     [32m[Krealpath[m[K
[3.690s] gmake[2]: *** [CMakeFiles/esp32_interface_node.dir/build.make:76: CMakeFiles/esp32_interface_node.dir/src/esp32.cpp.o] Error 1
[3.690s] gmake[1]: *** [CMakeFiles/Makefile2:137: CMakeFiles/esp32_interface_node.dir/all] Error 2
[3.690s] gmake: *** [Makefile:146: all] Error 2
[3.692s] Invoked command in '/home/santhosh/Desktop/ros2_ws/pendulum_control/build/esp32_interface' returned '2': AMENT_PREFIX_PATH=/home/santhosh/Desktop/ros2_ws/pendulum_control/install/esp32_msgs:${AMENT_PREFIX_PATH} CMAKE_PREFIX_PATH=/home/santhosh/Desktop/ros2_ws/pendulum_control/install/esp32_msgs:/opt/ros/humble LD_LIBRARY_PATH=/home/santhosh/Desktop/ros2_ws/pendulum_control/install/esp32_msgs/lib:${LD_LIBRARY_PATH} PYTHONPATH=/home/santhosh/Desktop/ros2_ws/pendulum_control/install/esp32_msgs/local/lib/python3.10/dist-packages:${PYTHONPATH} /usr/bin/cmake --build /home/santhosh/Desktop/ros2_ws/pendulum_control/build/esp32_interface -- -j16 -l16
