In file included from [01m[K/home/santhosh/Desktop/ros2_ws/pendulum_control/src/esp32_interface/src/esp32.cpp:1[m[K:
[01m[K/home/santhosh/Desktop/ros2_ws/pendulum_control/src/esp32_interface/include/esp32_interface/esp32.hpp:7:7:[m[K [01;31m[Kerror: [m[Kâ€˜[01m[KESP32Interface[m[Kâ€™ has not been declared
    7 | class [01;31m[KESP32Interface[m[K :: public rclcpp::Node
      |       [01;31m[K^~~~~~~~~~~~~~[m[K
[01m[K/home/santhosh/Desktop/ros2_ws/pendulum_control/src/esp32_interface/include/esp32_interface/esp32.hpp:7:25:[m[K [01;31m[Kerror: [m[Kexpected identifier before â€˜[01m[Kpublic[m[Kâ€™
    7 | class ESP32Interface :: [01;31m[Kpublic[m[K rclcpp::Node
      |                         [01;31m[K^~~~~~[m[K
[01m[K/home/santhosh/Desktop/ros2_ws/pendulum_control/src/esp32_interface/include/esp32_interface/esp32.hpp:7:25:[m[K [01;31m[Kerror: [m[Kexpected unqualified-id before â€˜[01m[Kpublic[m[Kâ€™
[01m[K/home/santhosh/Desktop/ros2_ws/pendulum_control/src/esp32_interface/src/esp32.cpp:3:1:[m[K [01;31m[Kerror: [m[Kâ€˜[01m[KESP32Interface[m[Kâ€™ does not name a type
    3 | [01;31m[KESP32Interface[m[K::ESP32Interface(): Node(esp_32_interface), serial_(io_)
      | [01;31m[K^~~~~~~~~~~~~~[m[K
[01m[K/home/santhosh/Desktop/ros2_ws/pendulum_control/src/esp32_interface/src/esp32.cpp:25:1:[m[K [01;31m[Kerror: [m[Kâ€˜[01m[KESP32Interface[m[Kâ€™ does not name a type
   25 | [01;31m[KESP32Interface[m[K::esp_read_response_ ESP32Interface::read_register(uint8_t addr, int timeout_ms, int16_t &value)
      | [01;31m[K^~~~~~~~~~~~~~[m[K
[01m[K/home/santhosh/Desktop/ros2_ws/pendulum_control/src/esp32_interface/src/esp32.cpp:133:1:[m[K [01;31m[Kerror: [m[Kâ€˜[01m[KESP32Interface[m[Kâ€™ does not name a type
  133 | [01;31m[KESP32Interface[m[K::readDataPubliherThread(){
      | [01;31m[K^~~~~~~~~~~~~~[m[K
[01m[K/home/santhosh/Desktop/ros2_ws/pendulum_control/src/esp32_interface/src/esp32.cpp:[m[K In function â€˜[01m[Kint main()[m[Kâ€™:
[01m[K/home/santhosh/Desktop/ros2_ws/pendulum_control/src/esp32_interface/src/esp32.cpp:146:34:[m[K [01;31m[Kerror: [m[Kâ€˜[01m[KESP32Interface[m[Kâ€™ was not declared in this scope
  146 |     auto node = std::make_shared<[01;31m[KESP32Interface[m[K>();
      |                                  [01;31m[K^~~~~~~~~~~~~~[m[K
[01m[K/home/santhosh/Desktop/ros2_ws/pendulum_control/src/esp32_interface/src/esp32.cpp:146:49:[m[K [01;31m[Kerror: [m[Kno matching function for call to â€˜[01m[Kmake_shared<<expression error> >()[m[Kâ€™
  146 |     auto node = [01;31m[Kstd::make_shared<ESP32Interface>()[m[K;
      |                 [01;31m[K~~~~~~~~~~~~~~~~~~~~~~~~~~~~~~~~^~[m[K
In file included from [01m[K/usr/include/c++/11/memory:77[m[K,
                 from [01m[K/usr/include/boost/asio/associated_allocator.hpp:19[m[K,
                 from [01m[K/usr/include/boost/asio.hpp:20[m[K,
                 from [01m[K/home/santhosh/Desktop/ros2_ws/pendulum_control/src/esp32_interface/include/esp32_interface/esp32.hpp:2[m[K,
                 from [01m[K/home/santhosh/Desktop/ros2_ws/pendulum_control/src/esp32_interface/src/esp32.cpp:1[m[K:
[01m[K/usr/include/c++/11/bits/shared_ptr.h:875:5:[m[K [01;36m[Knote: [m[Kcandidate: â€˜[01m[Ktemplate<class _Tp, class ... _Args> std::shared_ptr<_Tp> std::make_shared(_Args&& ...)[m[Kâ€™
  875 |     [01;36m[Kmake_shared[m[K(_Args&&... __args)
      |     [01;36m[K^~~~~~~~~~~[m[K
[01m[K/usr/include/c++/11/bits/shared_ptr.h:875:5:[m[K [01;36m[Knote: [m[K  template argument deduction/substitution failed:
[01m[K/home/santhosh/Desktop/ros2_ws/pendulum_control/src/esp32_interface/src/esp32.cpp:146:49:[m[K [01;31m[Kerror: [m[Ktemplate argument 1 is invalid
  146 |     auto node = [01;31m[Kstd::make_shared<ESP32Interface>()[m[K;
      |                 [01;31m[K~~~~~~~~~~~~~~~~~~~~~~~~~~~~~~~~^~[m[K
gmake[2]: *** [CMakeFiles/esp32_interface_node.dir/build.make:76: CMakeFiles/esp32_interface_node.dir/src/esp32.cpp.o] Error 1
gmake[1]: *** [CMakeFiles/Makefile2:137: CMakeFiles/esp32_interface_node.dir/all] Error 2
gmake: *** [Makefile:146: all] Error 2
