[0.012s] Invoking command in '/home/santhosh/Desktop/ros2_ws/pendulum_control/build/esp32_interface': AMENT_PREFIX_PATH=/home/santhosh/Desktop/ros2_ws/pendulum_control/install/esp32_msgs:${AMENT_PREFIX_PATH} CMAKE_PREFIX_PATH=/home/santhosh/Desktop/ros2_ws/pendulum_control/install/esp32_msgs:/opt/ros/humble LD_LIBRARY_PATH=/home/santhosh/Desktop/ros2_ws/pendulum_control/install/esp32_msgs/lib:${LD_LIBRARY_PATH} PYTHONPATH=/home/santhosh/Desktop/ros2_ws/pendulum_control/install/esp32_msgs/local/lib/python3.10/dist-packages:${PYTHONPATH} /usr/bin/cmake --build /home/santhosh/Desktop/ros2_ws/pendulum_control/build/esp32_interface -- -j16 -l16
[0.064s] [35m[1mConsolidate compiler generated dependencies of target esp32_interface_node[0m
[0.095s] [ 50%] [32mBuilding CXX object CMakeFiles/esp32_interface_node.dir/src/esp32.cpp.o[0m
[2.321s] In file included from [01m[K/home/santhosh/Desktop/ros2_ws/pendulum_control/src/esp32_interface/src/esp32.cpp:1[m[K:
[2.321s] [01m[K/home/santhosh/Desktop/ros2_ws/pendulum_control/src/esp32_interface/include/esp32_interface/esp32.hpp:7:7:[m[K [01;31m[Kerror: [m[Kâ€˜[01m[KESP32Interface[m[Kâ€™ has not been declared
[2.321s]     7 | class [01;31m[KESP32Interface[m[K :: public rclcpp::Node
[2.321s]       |       [01;31m[K^~~~~~~~~~~~~~[m[K
[2.321s] [01m[K/home/santhosh/Desktop/ros2_ws/pendulum_control/src/esp32_interface/include/esp32_interface/esp32.hpp:7:25:[m[K [01;31m[Kerror: [m[Kexpected identifier before â€˜[01m[Kpublic[m[Kâ€™
[2.321s]     7 | class ESP32Interface :: [01;31m[Kpublic[m[K rclcpp::Node
[2.322s]       |                         [01;31m[K^~~~~~[m[K
[2.322s] [01m[K/home/santhosh/Desktop/ros2_ws/pendulum_control/src/esp32_interface/include/esp32_interface/esp32.hpp:7:25:[m[K [01;31m[Kerror: [m[Kexpected unqualified-id before â€˜[01m[Kpublic[m[Kâ€™
[2.325s] [01m[K/home/santhosh/Desktop/ros2_ws/pendulum_control/src/esp32_interface/src/esp32.cpp:3:1:[m[K [01;31m[Kerror: [m[Kâ€˜[01m[KESP32Interface[m[Kâ€™ does not name a type
[2.325s]     3 | [01;31m[KESP32Interface[m[K::ESP32Interface(): Node(esp_32_interface), serial_(io_)
[2.325s]       | [01;31m[K^~~~~~~~~~~~~~[m[K
[2.329s] [01m[K/home/santhosh/Desktop/ros2_ws/pendulum_control/src/esp32_interface/src/esp32.cpp:25:1:[m[K [01;31m[Kerror: [m[Kâ€˜[01m[KESP32Interface[m[Kâ€™ does not name a type
[2.329s]    25 | [01;31m[KESP32Interface[m[K::esp_read_response_ ESP32Interface::read_register(uint8_t addr, int timeout_ms, int16_t &value)
[2.329s]       | [01;31m[K^~~~~~~~~~~~~~[m[K
[2.333s] [01m[K/home/santhosh/Desktop/ros2_ws/pendulum_control/src/esp32_interface/src/esp32.cpp:133:1:[m[K [01;31m[Kerror: [m[Kâ€˜[01m[KESP32Interface[m[Kâ€™ does not name a type
[2.333s]   133 | [01;31m[KESP32Interface[m[K::readDataPubliherThread(){
[2.333s]       | [01;31m[K^~~~~~~~~~~~~~[m[K
[2.341s] [01m[K/home/santhosh/Desktop/ros2_ws/pendulum_control/src/esp32_interface/src/esp32.cpp:[m[K In function â€˜[01m[Kint main()[m[Kâ€™:
[2.341s] [01m[K/home/santhosh/Desktop/ros2_ws/pendulum_control/src/esp32_interface/src/esp32.cpp:146:34:[m[K [01;31m[Kerror: [m[Kâ€˜[01m[KESP32Interface[m[Kâ€™ was not declared in this scope
[2.342s]   146 |     auto node = std::make_shared<[01;31m[KESP32Interface[m[K>();
[2.342s]       |                                  [01;31m[K^~~~~~~~~~~~~~[m[K
[2.342s] [01m[K/home/santhosh/Desktop/ros2_ws/pendulum_control/src/esp32_interface/src/esp32.cpp:146:49:[m[K [01;31m[Kerror: [m[Kno matching function for call to â€˜[01m[Kmake_shared<<expression error> >()[m[Kâ€™
[2.342s]   146 |     auto node = [01;31m[Kstd::make_shared<ESP32Interface>()[m[K;
[2.342s]       |                 [01;31m[K~~~~~~~~~~~~~~~~~~~~~~~~~~~~~~~~^~[m[K
[2.344s] In file included from [01m[K/usr/include/c++/11/memory:77[m[K,
[2.344s]                  from [01m[K/usr/include/boost/asio/associated_allocator.hpp:19[m[K,
[2.344s]                  from [01m[K/usr/include/boost/asio.hpp:20[m[K,
[2.344s]                  from [01m[K/home/santhosh/Desktop/ros2_ws/pendulum_control/src/esp32_interface/include/esp32_interface/esp32.hpp:2[m[K,
[2.344s]                  from [01m[K/home/santhosh/Desktop/ros2_ws/pendulum_control/src/esp32_interface/src/esp32.cpp:1[m[K:
[2.344s] [01m[K/usr/include/c++/11/bits/shared_ptr.h:875:5:[m[K [01;36m[Knote: [m[Kcandidate: â€˜[01m[Ktemplate<class _Tp, class ... _Args> std::shared_ptr<_Tp> std::make_shared(_Args&& ...)[m[Kâ€™
[2.344s]   875 |     [01;36m[Kmake_shared[m[K(_Args&&... __args)
[2.344s]       |     [01;36m[K^~~~~~~~~~~[m[K
[2.344s] [01m[K/usr/include/c++/11/bits/shared_ptr.h:875:5:[m[K [01;36m[Knote: [m[K  template argument deduction/substitution failed:
[2.344s] [01m[K/home/santhosh/Desktop/ros2_ws/pendulum_control/src/esp32_interface/src/esp32.cpp:146:49:[m[K [01;31m[Kerror: [m[Ktemplate argument 1 is invalid
[2.345s]   146 |     auto node = [01;31m[Kstd::make_shared<ESP32Interface>()[m[K;
[2.345s]       |                 [01;31m[K~~~~~~~~~~~~~~~~~~~~~~~~~~~~~~~~^~[m[K
[3.053s] gmake[2]: *** [CMakeFiles/esp32_interface_node.dir/build.make:76: CMakeFiles/esp32_interface_node.dir/src/esp32.cpp.o] Error 1
[3.054s] gmake[1]: *** [CMakeFiles/Makefile2:137: CMakeFiles/esp32_interface_node.dir/all] Error 2
[3.054s] gmake: *** [Makefile:146: all] Error 2
[3.056s] Invoked command in '/home/santhosh/Desktop/ros2_ws/pendulum_control/build/esp32_interface' returned '2': AMENT_PREFIX_PATH=/home/santhosh/Desktop/ros2_ws/pendulum_control/install/esp32_msgs:${AMENT_PREFIX_PATH} CMAKE_PREFIX_PATH=/home/santhosh/Desktop/ros2_ws/pendulum_control/install/esp32_msgs:/opt/ros/humble LD_LIBRARY_PATH=/home/santhosh/Desktop/ros2_ws/pendulum_control/install/esp32_msgs/lib:${LD_LIBRARY_PATH} PYTHONPATH=/home/santhosh/Desktop/ros2_ws/pendulum_control/install/esp32_msgs/local/lib/python3.10/dist-packages:${PYTHONPATH} /usr/bin/cmake --build /home/santhosh/Desktop/ros2_ws/pendulum_control/build/esp32_interface -- -j16 -l16
