[0.010s] Invoking command in '/home/santhosh/Desktop/ros2_ws/pendulum_control/build/esp32_interface': AMENT_PREFIX_PATH=/home/santhosh/Desktop/ros2_ws/pendulum_control/install/esp32_msgs:${AMENT_PREFIX_PATH} CMAKE_PREFIX_PATH=/home/santhosh/Desktop/ros2_ws/pendulum_control/install/esp32_msgs:/opt/ros/humble LD_LIBRARY_PATH=/home/santhosh/Desktop/ros2_ws/pendulum_control/install/esp32_msgs/lib:${LD_LIBRARY_PATH} PYTHONPATH=/home/santhosh/Desktop/ros2_ws/pendulum_control/install/esp32_msgs/local/lib/python3.10/dist-packages:${PYTHONPATH} /usr/bin/cmake --build /home/santhosh/Desktop/ros2_ws/pendulum_control/build/esp32_interface -- -j16 -l16
[0.058s] [35m[1mConsolidate compiler generated dependencies of target esp32_interface_node[0m
[0.093s] [ 50%] [32mBuilding CXX object CMakeFiles/esp32_interface_node.dir/src/esp32.cpp.o[0m
[2.339s] [01m[K/home/santhosh/Desktop/ros2_ws/pendulum_control/src/esp32_interface/src/esp32.cpp:[m[K In constructor â€˜[01m[KESP32Interface::ESP32Interface(int, char**, rclcpp::NodeOptions&)[m[Kâ€™:
[2.339s] [01m[K/home/santhosh/Desktop/ros2_ws/pendulum_control/src/esp32_interface/src/esp32.cpp:20:105:[m[K [01;31m[Kerror: [m[Kâ€˜[01m[KreadDataPublisherThread[m[Kâ€™ is not a member of â€˜[01m[KESP32Interface[m[Kâ€™
[2.339s]    20 |     i2c_read_timer_ = this->create_wall_timer(std::chrono::milliseconds(10), std::bind(&ESP32Interface::[01;31m[KreadDataPublisherThread[m[K, this));
[2.339s]       |                                                                                                         [01;31m[K^~~~~~~~~~~~~~~~~~~~~~~[m[K
[2.341s] [01m[K/home/santhosh/Desktop/ros2_ws/pendulum_control/src/esp32_interface/src/esp32.cpp:3:36:[m[K [01;35m[Kwarning: [m[Kunused parameter â€˜[01m[Kargc[m[Kâ€™ [[01;35m[K]8;;https://gcc.gnu.org/onlinedocs/gcc/Warning-Options.html#index-Wunused-parameter-Wunused-parameter]8;;[m[K]
[2.341s]     3 | ESP32Interface::ESP32Interface([01;35m[Kint argc[m[K, char **argv, rclcpp::NodeOptions &options)
[2.341s]       |                                [01;35m[K~~~~^~~~[m[K
[2.342s] [01m[K/home/santhosh/Desktop/ros2_ws/pendulum_control/src/esp32_interface/src/esp32.cpp:3:49:[m[K [01;35m[Kwarning: [m[Kunused parameter â€˜[01m[Kargv[m[Kâ€™ [[01;35m[K]8;;https://gcc.gnu.org/onlinedocs/gcc/Warning-Options.html#index-Wunused-parameter-Wunused-parameter]8;;[m[K]
[2.342s]     3 | ESP32Interface::ESP32Interface(int argc, [01;35m[Kchar **argv[m[K, rclcpp::NodeOptions &options)
[2.342s]       |                                          [01;35m[K~~~~~~~^~~~[m[K
[2.342s] [01m[K/home/santhosh/Desktop/ros2_ws/pendulum_control/src/esp32_interface/src/esp32.cpp:[m[K In static member function â€˜[01m[Kstatic ESP32Interface::esp_read_response_ ESP32Interface::read_register(uint8_t, int, int16_t&)[m[Kâ€™:
[2.342s] [01m[K/home/santhosh/Desktop/ros2_ws/pendulum_control/src/esp32_interface/src/esp32.cpp:35:24:[m[K [01;31m[Kerror: [m[Kinvalid use of member â€˜[01m[KESP32Interface::serial_[m[Kâ€™ in static member function
[2.342s]    35 |     boost::asio::write([01;31m[Kserial_[m[K, boost::asio::buffer(request, 2));
[2.342s]       |                        [01;31m[K^~~~~~~[m[K
[2.343s] In file included from [01m[K/home/santhosh/Desktop/ros2_ws/pendulum_control/src/esp32_interface/src/esp32.cpp:1[m[K:
[2.343s] [01m[K/home/santhosh/Desktop/ros2_ws/pendulum_control/src/esp32_interface/include/esp32_interface/esp32.hpp:20:30:[m[K [01;36m[Knote: [m[Kdeclared here
[2.343s]    20 |     boost::asio::serial_port [01;36m[Kserial_[m[K;
[2.343s]       |                              [01;36m[K^~~~~~~[m[K
[2.343s] [01m[K/home/santhosh/Desktop/ros2_ws/pendulum_control/src/esp32_interface/src/esp32.cpp:46:20:[m[K [01;31m[Kerror: [m[Kinvalid use of member â€˜[01m[KESP32Interface::serial_[m[Kâ€™ in static member function
[2.343s]    46 |         size_t n = [01;31m[Kserial_[m[K.read_some(boost::asio::buffer(&byte, 1), ec);
[2.343s]       |                    [01;31m[K^~~~~~~[m[K
[2.343s] In file included from [01m[K/home/santhosh/Desktop/ros2_ws/pendulum_control/src/esp32_interface/src/esp32.cpp:1[m[K:
[2.343s] [01m[K/home/santhosh/Desktop/ros2_ws/pendulum_control/src/esp32_interface/include/esp32_interface/esp32.hpp:20:30:[m[K [01;36m[Knote: [m[Kdeclared here
[2.344s]    20 |     boost::asio::serial_port [01;36m[Kserial_[m[K;
[2.344s]       |                              [01;36m[K^~~~~~~[m[K
[2.344s] [01m[K/home/santhosh/Desktop/ros2_ws/pendulum_control/src/esp32_interface/src/esp32.cpp:73:20:[m[K [01;31m[Kerror: [m[Kinvalid use of member â€˜[01m[KESP32Interface::serial_[m[Kâ€™ in static member function
[2.344s]    73 |         size_t n = [01;31m[Kserial_[m[K.read_some(boost::asio::buffer(resp + total_read, PACKET_SIZE - total_read), ec);
[2.344s]       |                    [01;31m[K^~~~~~~[m[K
[2.344s] In file included from [01m[K/home/santhosh/Desktop/ros2_ws/pendulum_control/src/esp32_interface/src/esp32.cpp:1[m[K:
[2.344s] [01m[K/home/santhosh/Desktop/ros2_ws/pendulum_control/src/esp32_interface/include/esp32_interface/esp32.hpp:20:30:[m[K [01;36m[Knote: [m[Kdeclared here
[2.344s]    20 |     boost::asio::serial_port [01;36m[Kserial_[m[K;
[2.344s]       |                              [01;36m[K^~~~~~~[m[K
[2.344s] [01m[K/home/santhosh/Desktop/ros2_ws/pendulum_control/src/esp32_interface/src/esp32.cpp:[m[K At global scope:
[2.345s] [01m[K/home/santhosh/Desktop/ros2_ws/pendulum_control/src/esp32_interface/src/esp32.cpp:134:1:[m[K [01;31m[Kerror: [m[KISO C++ forbids declaration of â€˜[01m[KreadDataPubliherThread[m[Kâ€™ with no type [[01;31m[K]8;;https://gcc.gnu.org/onlinedocs/gcc/Warning-Options.html#index-fpermissive-fpermissive]8;;[m[K]
[2.345s]   134 | [01;31m[KESP32Interface[m[K::readDataPubliherThread(){
[2.345s]       | [01;31m[K^~~~~~~~~~~~~~[m[K
[2.345s] [01m[K/home/santhosh/Desktop/ros2_ws/pendulum_control/src/esp32_interface/src/esp32.cpp:134:1:[m[K [01;31m[Kerror: [m[Kno declaration matches â€˜[01m[Kint ESP32Interface::readDataPubliherThread()[m[Kâ€™
[2.345s] In file included from [01m[K/home/santhosh/Desktop/ros2_ws/pendulum_control/src/esp32_interface/src/esp32.cpp:1[m[K:
[2.345s] [01m[K/home/santhosh/Desktop/ros2_ws/pendulum_control/src/esp32_interface/include/esp32_interface/esp32.hpp:22:10:[m[K [01;36m[Knote: [m[Kcandidate is: â€˜[01m[Kvoid ESP32Interface::readDataPubliherThread()[m[Kâ€™
[2.345s]    22 |     void [01;36m[KreadDataPubliherThread[m[K();
[2.345s]       |          [01;36m[K^~~~~~~~~~~~~~~~~~~~~~[m[K
[2.345s] [01m[K/home/santhosh/Desktop/ros2_ws/pendulum_control/src/esp32_interface/include/esp32_interface/esp32.hpp:8:7:[m[K [01;36m[Knote: [m[Kâ€˜[01m[Kclass ESP32Interface[m[Kâ€™ defined here
[2.345s]     8 | class [01;36m[KESP32Interface[m[K : public rclcpp::Node
[2.345s]       |       [01;36m[K^~~~~~~~~~~~~~[m[K
[3.398s] gmake[2]: *** [CMakeFiles/esp32_interface_node.dir/build.make:76: CMakeFiles/esp32_interface_node.dir/src/esp32.cpp.o] Error 1
[3.398s] gmake[1]: *** [CMakeFiles/Makefile2:137: CMakeFiles/esp32_interface_node.dir/all] Error 2
[3.400s] gmake: *** [Makefile:146: all] Error 2
[3.403s] Invoked command in '/home/santhosh/Desktop/ros2_ws/pendulum_control/build/esp32_interface' returned '2': AMENT_PREFIX_PATH=/home/santhosh/Desktop/ros2_ws/pendulum_control/install/esp32_msgs:${AMENT_PREFIX_PATH} CMAKE_PREFIX_PATH=/home/santhosh/Desktop/ros2_ws/pendulum_control/install/esp32_msgs:/opt/ros/humble LD_LIBRARY_PATH=/home/santhosh/Desktop/ros2_ws/pendulum_control/install/esp32_msgs/lib:${LD_LIBRARY_PATH} PYTHONPATH=/home/santhosh/Desktop/ros2_ws/pendulum_control/install/esp32_msgs/local/lib/python3.10/dist-packages:${PYTHONPATH} /usr/bin/cmake --build /home/santhosh/Desktop/ros2_ws/pendulum_control/build/esp32_interface -- -j16 -l16
