[35m[1mConsolidate compiler generated dependencies of target esp32_interface_node[0m
[ 50%] [32mBuilding CXX object CMakeFiles/esp32_interface_node.dir/src/esp32.cpp.o[0m
In file included from [01m[K/home/santhosh/Desktop/ros2_ws/pendulum_control/src/esp32_interface/src/esp32.cpp:1[m[K:
[01m[K/home/santhosh/Desktop/ros2_ws/pendulum_control/src/esp32_interface/include/esp32_interface/esp32.hpp:53:12:[m[K [01;35m[Kwarning: [m[KISO C++ forbids flexible array member â€˜[01m[Kpending_read_requests[m[Kâ€™ [[01;35m[K]8;;https://gcc.gnu.org/onlinedocs/gcc/Warning-Options.html#index-Wpedantic-Wpedantic]8;;[m[K]
   53 |     int8_t [01;35m[Kpending_read_requests[m[K[];
      |            [01;35m[K^~~~~~~~~~~~~~~~~~~~~[m[K
[01m[K/home/santhosh/Desktop/ros2_ws/pendulum_control/src/esp32_interface/include/esp32_interface/esp32.hpp:53:12:[m[K [01;31m[Kerror: [m[Kflexible array member â€˜[01m[KESP32Interface::pending_read_requests[m[Kâ€™ not at end of â€˜[01m[Kclass ESP32Interface[m[Kâ€™
[01m[K/home/santhosh/Desktop/ros2_ws/pendulum_control/src/esp32_interface/src/esp32.cpp:[m[K In constructor â€˜[01m[KESP32Interface::ESP32Interface(int, char**, rclcpp::NodeOptions&)[m[Kâ€™:
[01m[K/home/santhosh/Desktop/ros2_ws/pendulum_control/src/esp32_interface/src/esp32.cpp:3:36:[m[K [01;35m[Kwarning: [m[Kunused parameter â€˜[01m[Kargc[m[Kâ€™ [[01;35m[K]8;;https://gcc.gnu.org/onlinedocs/gcc/Warning-Options.html#index-Wunused-parameter-Wunused-parameter]8;;[m[K]
    3 | ESP32Interface::ESP32Interface([01;35m[Kint argc[m[K, char **argv, rclcpp::NodeOptions &options)
      |                                [01;35m[K~~~~^~~~[m[K
[01m[K/home/santhosh/Desktop/ros2_ws/pendulum_control/src/esp32_interface/src/esp32.cpp:3:49:[m[K [01;35m[Kwarning: [m[Kunused parameter â€˜[01m[Kargv[m[Kâ€™ [[01;35m[K]8;;https://gcc.gnu.org/onlinedocs/gcc/Warning-Options.html#index-Wunused-parameter-Wunused-parameter]8;;[m[K]
    3 | ESP32Interface::ESP32Interface(int argc, [01;35m[Kchar **argv[m[K, rclcpp::NodeOptions &options)
      |                                          [01;35m[K~~~~~~~^~~~[m[K
[01m[K/home/santhosh/Desktop/ros2_ws/pendulum_control/src/esp32_interface/src/esp32.cpp:[m[K In member function â€˜[01m[Kvoid ESP32Interface::handle_packet(const std::vector<unsigned char, std::allocator<unsigned char> >&)[m[Kâ€™:
[01m[K/home/santhosh/Desktop/ros2_ws/pendulum_control/src/esp32_interface/src/esp32.cpp:162:5:[m[K [01;31m[Kerror: [m[Kjump to case label
  162 |     [01;31m[Kdefault[m[K:
      |     [01;31m[K^~~~~~~[m[K
[01m[K/home/santhosh/Desktop/ros2_ws/pendulum_control/src/esp32_interface/src/esp32.cpp:159:17:[m[K [01;36m[Knote: [m[K  crosses initialization of â€˜[01m[Kuint8_t accel_config[m[Kâ€™
  159 |         uint8_t [01;36m[Kaccel_config[m[K = packet[2];
      |                 [01;36m[K^~~~~~~~~~~~[m[K
[01m[K/home/santhosh/Desktop/ros2_ws/pendulum_control/src/esp32_interface/src/esp32.cpp:[m[K In member function â€˜[01m[Kvoid ESP32Interface::read_register(uint8_t)[m[Kâ€™:
[01m[K/home/santhosh/Desktop/ros2_ws/pendulum_control/src/esp32_interface/src/esp32.cpp:172:19:[m[K [01;35m[Kwarning: [m[Kunused variable â€˜[01m[KSTART_BYTE[m[Kâ€™ [[01;35m[K]8;;https://gcc.gnu.org/onlinedocs/gcc/Warning-Options.html#index-Wunused-variable-Wunused-variable]8;;[m[K]
  172 |     const uint8_t [01;35m[KSTART_BYTE[m[K = 0x77;
      |                   [01;35m[K^~~~~~~~~~[m[K
[01m[K/home/santhosh/Desktop/ros2_ws/pendulum_control/src/esp32_interface/src/esp32.cpp:173:19:[m[K [01;35m[Kwarning: [m[Kunused variable â€˜[01m[KEND_BYTE[m[Kâ€™ [[01;35m[K]8;;https://gcc.gnu.org/onlinedocs/gcc/Warning-Options.html#index-Wunused-variable-Wunused-variable]8;;[m[K]
  173 |     const uint8_t [01;35m[KEND_BYTE[m[K = 0xAA;
      |                   [01;35m[K^~~~~~~~[m[K
[01m[K/home/santhosh/Desktop/ros2_ws/pendulum_control/src/esp32_interface/src/esp32.cpp:174:18:[m[K [01;35m[Kwarning: [m[Kunused variable â€˜[01m[KPACKET_SIZE[m[Kâ€™ [[01;35m[K]8;;https://gcc.gnu.org/onlinedocs/gcc/Warning-Options.html#index-Wunused-variable-Wunused-variable]8;;[m[K]
  174 |     const size_t [01;35m[KPACKET_SIZE[m[K = 6; // start + addr + low + high + checksum + end
      |                  [01;35m[K^~~~~~~~~~~[m[K
gmake[2]: *** [CMakeFiles/esp32_interface_node.dir/build.make:76: CMakeFiles/esp32_interface_node.dir/src/esp32.cpp.o] Error 1
gmake[1]: *** [CMakeFiles/Makefile2:137: CMakeFiles/esp32_interface_node.dir/all] Error 2
gmake: *** [Makefile:146: all] Error 2
