[0.010s] Invoking command in '/home/santhosh/Desktop/ros2_ws/pendulum_control/build/esp32_interface': AMENT_PREFIX_PATH=/home/santhosh/Desktop/ros2_ws/pendulum_control/install/esp32_msgs:${AMENT_PREFIX_PATH} CMAKE_PREFIX_PATH=/home/santhosh/Desktop/ros2_ws/pendulum_control/install/esp32_msgs:/opt/ros/humble LD_LIBRARY_PATH=/home/santhosh/Desktop/ros2_ws/pendulum_control/install/esp32_msgs/lib:${LD_LIBRARY_PATH} PYTHONPATH=/home/santhosh/Desktop/ros2_ws/pendulum_control/install/esp32_msgs/local/lib/python3.10/dist-packages:${PYTHONPATH} /usr/bin/cmake --build /home/santhosh/Desktop/ros2_ws/pendulum_control/build/esp32_interface -- -j16 -l16
[0.039s] -- Found ament_cmake: 1.3.12 (/opt/ros/humble/share/ament_cmake/cmake)
[0.143s] -- Found rclcpp: 16.0.14 (/opt/ros/humble/share/rclcpp/cmake)
[0.162s] -- Found rosidl_generator_c: 3.1.7 (/opt/ros/humble/share/rosidl_generator_c/cmake)
[0.163s] -- Found rosidl_adapter: 3.1.7 (/opt/ros/humble/share/rosidl_adapter/cmake)
[0.167s] -- Found rosidl_generator_cpp: 3.1.7 (/opt/ros/humble/share/rosidl_generator_cpp/cmake)
[0.172s] -- Using all available rosidl_typesupport_c: rosidl_typesupport_fastrtps_c;rosidl_typesupport_introspection_c
[0.179s] -- Using all available rosidl_typesupport_cpp: rosidl_typesupport_fastrtps_cpp;rosidl_typesupport_introspection_cpp
[0.200s] -- Found rmw_implementation_cmake: 6.1.2 (/opt/ros/humble/share/rmw_implementation_cmake/cmake)
[0.202s] -- Found rmw_fastrtps_cpp: 6.2.8 (/opt/ros/humble/share/rmw_fastrtps_cpp/cmake)
[0.289s] -- Using RMW implementation 'rmw_fastrtps_cpp' as default
[0.325s] -- Found esp32_msgs: 0.0.0 (/home/santhosh/Desktop/ros2_ws/pendulum_control/install/esp32_msgs/share/esp32_msgs/cmake)
[0.334s] -- Found ament_lint_auto: 0.12.14 (/opt/ros/humble/share/ament_lint_auto/cmake)
[0.382s] -- Added test 'cppcheck' to perform static code analysis on C / C++ code
[0.382s] -- Configured cppcheck include dirs: /home/santhosh/Desktop/ros2_ws/pendulum_control/src/esp32_interface/include
[0.382s] -- Configured cppcheck exclude dirs and/or files: 
[0.382s] -- Added test 'lint_cmake' to check CMake code style
[0.383s] -- Added test 'uncrustify' to check C / C++ code style
[0.384s] -- Configured uncrustify additional arguments: 
[0.384s] -- Added test 'xmllint' to check XML markup files
[0.384s] -- Configuring done
[0.406s] -- Generating done
[0.414s] -- Build files have been written to: /home/santhosh/Desktop/ros2_ws/pendulum_control/build/esp32_interface
[0.439s] [35m[1mConsolidate compiler generated dependencies of target esp32_interface_node[0m
[0.469s] [ 50%] [32mBuilding CXX object CMakeFiles/esp32_interface_node.dir/src/esp32.cpp.o[0m
[2.697s] In file included from [01m[K/home/santhosh/Desktop/ros2_ws/pendulum_control/src/esp32_interface/src/esp32.cpp:1[m[K:
[2.697s] [01m[K/home/santhosh/Desktop/ros2_ws/pendulum_control/src/esp32_interface/include/esp32_interface/esp32.hpp:20:40:[m[K [01;31m[Kerror: [m[Kâ€˜[01m[KImudata[m[Kâ€™ is not a member of â€˜[01m[Kesp32_msgs::msg[m[Kâ€™; did you mean â€˜[01m[KImuData[m[Kâ€™?
[2.697s]    20 |     rclcpp::Publisher<esp32_msgs::msg::[01;31m[KImudata[m[K>::SharedPtr imu_data_publisher_;
[2.697s]       |                                        [01;31m[K^~~~~~~[m[K
[2.697s]       |                                        [32m[KImuData[m[K
[2.697s] [01m[K/home/santhosh/Desktop/ros2_ws/pendulum_control/src/esp32_interface/include/esp32_interface/esp32.hpp:20:47:[m[K [01;31m[Kerror: [m[Ktemplate argument 1 is invalid
[2.697s]    20 |     rclcpp::Publisher<esp32_msgs::msg::Imudata[01;31m[K>[m[K::SharedPtr imu_data_publisher_;
[2.697s]       |                                               [01;31m[K^[m[K
[2.698s] [01m[K/home/santhosh/Desktop/ros2_ws/pendulum_control/src/esp32_interface/include/esp32_interface/esp32.hpp:20:50:[m[K [01;31m[Kerror: [m[Kexpected â€˜[01m[K;[m[Kâ€™ at end of member declaration
[2.698s]    20 |     rclcpp::Publisher<esp32_msgs::msg::Imudata>::[01;31m[KSharedPtr[m[K imu_data_publisher_;
[2.698s]       |                                                  [01;31m[K^~~~~~~~~[m[K
[2.698s]       |                                                           [32m[K;[m[K
[2.704s] [01m[K/home/santhosh/Desktop/ros2_ws/pendulum_control/src/esp32_interface/include/esp32_interface/esp32.hpp:20:60:[m[K [01;31m[Kerror: [m[Kâ€˜[01m[Kimu_data_publisher_[m[Kâ€™ does not name a type
[2.704s]    20 |     rclcpp::Publisher<esp32_msgs::msg::Imudata>::SharedPtr [01;31m[Kimu_data_publisher_[m[K;
[2.704s]       |                                                            [01;31m[K^~~~~~~~~~~~~~~~~~~[m[K
[2.704s] [01m[K/home/santhosh/Desktop/ros2_ws/pendulum_control/src/esp32_interface/include/esp32_interface/esp32.hpp:21:22:[m[K [01;31m[Kerror: [m[Kâ€˜[01m[KImudata[m[Kâ€™ in namespace â€˜[01m[Kesp32_msgs::msg[m[Kâ€™ does not name a type; did you mean â€˜[01m[KImuData[m[Kâ€™?
[2.704s]    21 |     esp32_msgs::msg::[01;31m[KImudata[m[K imu_data_;
[2.704s]       |                      [01;31m[K^~~~~~~[m[K
[2.705s]       |                      [32m[KImuData[m[K
[2.705s] [01m[K/home/santhosh/Desktop/ros2_ws/pendulum_control/src/esp32_interface/src/esp32.cpp:[m[K In constructor â€˜[01m[KESP32Interface::ESP32Interface()[m[Kâ€™:
[2.705s] [01m[K/home/santhosh/Desktop/ros2_ws/pendulum_control/src/esp32_interface/src/esp32.cpp:3:35:[m[K [01;31m[Kerror: [m[Kclass â€˜[01m[KESP32Interface[m[Kâ€™ does not have any field named â€˜[01m[KNode[m[Kâ€™
[2.705s]     3 | ESP32Interface::ESP32Interface(): [01;31m[KNode[m[K(esp_32_interface), serial_(io_)
[2.705s]       |                                   [01;31m[K^~~~[m[K
[2.716s] [01m[K/home/santhosh/Desktop/ros2_ws/pendulum_control/src/esp32_interface/src/esp32.cpp:3:40:[m[K [01;31m[Kerror: [m[Kâ€˜[01m[Kesp_32_interface[m[Kâ€™ was not declared in this scope; did you mean â€˜[01m[KESP32Interface[m[Kâ€™?
[2.716s]     3 | ESP32Interface::ESP32Interface(): Node([01;31m[Kesp_32_interface[m[K), serial_(io_)
[2.716s]       |                                        [01;31m[K^~~~~~~~~~~~~~~~[m[K
[2.716s]       |                                        [32m[KESP32Interface[m[K
[2.729s] [01m[K/home/santhosh/Desktop/ros2_ws/pendulum_control/src/esp32_interface/src/esp32.cpp:19:5:[m[K [01;31m[Kerror: [m[Kâ€˜[01m[Ki2c_read_timer_[m[Kâ€™ was not declared in this scope
[2.729s]    19 |     [01;31m[Ki2c_read_timer_[m[K = this->create_wall_timer(10ms, std::bind(&ESP32Interface::readDataPubliherThread, this));
[2.729s]       |     [01;31m[K^~~~~~~~~~~~~~~[m[K
[2.729s] [01m[K/home/santhosh/Desktop/ros2_ws/pendulum_control/src/esp32_interface/src/esp32.cpp:19:29:[m[K [01;31m[Kerror: [m[Kâ€˜[01m[Kclass ESP32Interface[m[Kâ€™ has no member named â€˜[01m[Kcreate_wall_timer[m[Kâ€™
[2.730s]    19 |     i2c_read_timer_ = this->[01;31m[Kcreate_wall_timer[m[K(10ms, std::bind(&ESP32Interface::readDataPubliherThread, this));
[2.730s]       |                             [01;31m[K^~~~~~~~~~~~~~~~~[m[K
[2.730s] [01m[K/home/santhosh/Desktop/ros2_ws/pendulum_control/src/esp32_interface/src/esp32.cpp:19:47:[m[K [01;31m[Kerror: [m[Kunable to find numeric literal operator â€˜[01m[Koperator""ms[m[Kâ€™
[2.730s]    19 |     i2c_read_timer_ = this->create_wall_timer([01;31m[K10ms[m[K, std::bind(&ESP32Interface::readDataPubliherThread, this));
[2.730s]       |                                               [01;31m[K^~~~[m[K
[2.742s] [01m[K/home/santhosh/Desktop/ros2_ws/pendulum_control/src/esp32_interface/src/esp32.cpp:20:5:[m[K [01;31m[Kerror: [m[Kâ€˜[01m[Kimu_data_publisher_[m[Kâ€™ was not declared in this scope
[2.742s]    20 |     [01;31m[Kimu_data_publisher_[m[K = this->create_publisher<esp32_msgs::msg::Imudata>("/imu_data", 10);
[2.742s]       |     [01;31m[K^~~~~~~~~~~~~~~~~~~[m[K
[2.742s] [01m[K/home/santhosh/Desktop/ros2_ws/pendulum_control/src/esp32_interface/src/esp32.cpp:20:33:[m[K [01;31m[Kerror: [m[Kâ€˜[01m[Kclass ESP32Interface[m[Kâ€™ has no member named â€˜[01m[Kcreate_publisher[m[Kâ€™
[2.742s]    20 |     imu_data_publisher_ = this->[01;31m[Kcreate_publisher[m[K<esp32_msgs::msg::Imudata>("/imu_data", 10);
[2.742s]       |                                 [01;31m[K^~~~~~~~~~~~~~~~[m[K
[2.742s] [01m[K/home/santhosh/Desktop/ros2_ws/pendulum_control/src/esp32_interface/src/esp32.cpp:20:67:[m[K [01;31m[Kerror: [m[Kâ€˜[01m[KImudata[m[Kâ€™ is not a member of â€˜[01m[Kesp32_msgs::msg[m[Kâ€™; did you mean â€˜[01m[KImuData[m[Kâ€™?
[2.742s]    20 |     imu_data_publisher_ = this->create_publisher<esp32_msgs::msg::[01;31m[KImudata[m[K>("/imu_data", 10);
[2.742s]       |                                                                   [01;31m[K^~~~~~~[m[K
[2.742s]       |                                                                   [32m[KImuData[m[K
[2.742s] [01m[K/home/santhosh/Desktop/ros2_ws/pendulum_control/src/esp32_interface/src/esp32.cpp:20:76:[m[K [01;35m[Kwarning: [m[Kleft operand of comma operator has no effect [[01;35m[K]8;;https://gcc.gnu.org/onlinedocs/gcc/Warning-Options.html#index-Wunused-value-Wunused-value]8;;[m[K]
[2.743s]    20 |     imu_data_publisher_ = this->create_publisher<esp32_msgs::msg::Imudata>([01;35m[K"/imu_data"[m[K, 10);
[2.743s]       |                                                                            [01;35m[K^~~~~~~~~~~[m[K
[2.747s] [01m[K/home/santhosh/Desktop/ros2_ws/pendulum_control/src/esp32_interface/src/esp32.cpp:21:5:[m[K [01;31m[Kerror: [m[Kâ€˜[01m[Kimu_data_[m[Kâ€™ was not declared in this scope; did you mean â€˜[01m[Kifr_data[m[Kâ€™?
[2.747s]    21 |     [01;31m[Kimu_data_[m[K->ax = 0;
[2.747s]       |     [01;31m[K^~~~~~~~~[m[K
[2.747s]       |     [32m[Kifr_data[m[K
[2.747s] [01m[K/home/santhosh/Desktop/ros2_ws/pendulum_control/src/esp32_interface/src/esp32.cpp:[m[K In static member function â€˜[01m[Kstatic ESP32Interface::esp_read_response_ ESP32Interface::read_register(uint8_t, int, int16_t&)[m[Kâ€™:
[2.748s] [01m[K/home/santhosh/Desktop/ros2_ws/pendulum_control/src/esp32_interface/src/esp32.cpp:34:24:[m[K [01;31m[Kerror: [m[Kinvalid use of member â€˜[01m[KESP32Interface::serial_[m[Kâ€™ in static member function
[2.748s]    34 |     boost::asio::write([01;31m[Kserial_[m[K, boost::asio::buffer(request, 2));
[2.748s]       |                        [01;31m[K^~~~~~~[m[K
[2.748s] In file included from [01m[K/home/santhosh/Desktop/ros2_ws/pendulum_control/src/esp32_interface/src/esp32.cpp:1[m[K:
[2.748s] [01m[K/home/santhosh/Desktop/ros2_ws/pendulum_control/src/esp32_interface/include/esp32_interface/esp32.hpp:18:30:[m[K [01;36m[Knote: [m[Kdeclared here
[2.748s]    18 |     boost::asio::serial_port [01;36m[Kserial_[m[K;
[2.748s]       |                              [01;36m[K^~~~~~~[m[K
[2.748s] [01m[K/home/santhosh/Desktop/ros2_ws/pendulum_control/src/esp32_interface/src/esp32.cpp:45:20:[m[K [01;31m[Kerror: [m[Kinvalid use of member â€˜[01m[KESP32Interface::serial_[m[Kâ€™ in static member function
[2.748s]    45 |         size_t n = [01;31m[Kserial_[m[K.read_some(boost::asio::buffer(&byte, 1), ec);
[2.748s]       |                    [01;31m[K^~~~~~~[m[K
[2.748s] In file included from [01m[K/home/santhosh/Desktop/ros2_ws/pendulum_control/src/esp32_interface/src/esp32.cpp:1[m[K:
[2.748s] [01m[K/home/santhosh/Desktop/ros2_ws/pendulum_control/src/esp32_interface/include/esp32_interface/esp32.hpp:18:30:[m[K [01;36m[Knote: [m[Kdeclared here
[2.748s]    18 |     boost::asio::serial_port [01;36m[Kserial_[m[K;
[2.748s]       |                              [01;36m[K^~~~~~~[m[K
[2.748s] [01m[K/home/santhosh/Desktop/ros2_ws/pendulum_control/src/esp32_interface/src/esp32.cpp:72:20:[m[K [01;31m[Kerror: [m[Kinvalid use of member â€˜[01m[KESP32Interface::serial_[m[Kâ€™ in static member function
[2.748s]    72 |         size_t n = [01;31m[Kserial_[m[K.read_some(boost::asio::buffer(resp + total_read, PACKET_SIZE - total_read), ec);
[2.748s]       |                    [01;31m[K^~~~~~~[m[K
[2.748s] In file included from [01m[K/home/santhosh/Desktop/ros2_ws/pendulum_control/src/esp32_interface/src/esp32.cpp:1[m[K:
[2.748s] [01m[K/home/santhosh/Desktop/ros2_ws/pendulum_control/src/esp32_interface/include/esp32_interface/esp32.hpp:18:30:[m[K [01;36m[Knote: [m[Kdeclared here
[2.748s]    18 |     boost::asio::serial_port [01;36m[Kserial_[m[K;
[2.748s]       |                              [01;36m[K^~~~~~~[m[K
[2.748s] [01m[K/home/santhosh/Desktop/ros2_ws/pendulum_control/src/esp32_interface/src/esp32.cpp:[m[K At global scope:
[2.749s] [01m[K/home/santhosh/Desktop/ros2_ws/pendulum_control/src/esp32_interface/src/esp32.cpp:133:40:[m[K [01;31m[Kerror: [m[Kâ€˜[01m[Krclcpp::TimerBase::SharedPtr ESP32Interface::readDataPubliherThread[m[Kâ€™ is private within this context
[2.749s]   133 | ESP32Interface::readDataPubliherThread([01;31m[K)[m[K{
[2.749s]       |                                        [01;31m[K^[m[K
[2.749s] In file included from [01m[K/home/santhosh/Desktop/ros2_ws/pendulum_control/src/esp32_interface/src/esp32.cpp:1[m[K:
[2.749s] [01m[K/home/santhosh/Desktop/ros2_ws/pendulum_control/src/esp32_interface/include/esp32_interface/esp32.hpp:19:34:[m[K [01;36m[Knote: [m[Kdeclared private here
[2.749s]    19 |     rclcpp::TimerBase::SharedPtr [01;36m[KreadDataPubliherThread[m[K;
[2.749s]       |                                  [01;36m[K^~~~~~~~~~~~~~~~~~~~~~[m[K
[2.749s] [01m[K/home/santhosh/Desktop/ros2_ws/pendulum_control/src/esp32_interface/src/esp32.cpp:133:1:[m[K [01;31m[Kerror: [m[KISO C++ forbids declaration of â€˜[01m[KreadDataPubliherThread[m[Kâ€™ with no type [[01;31m[K]8;;https://gcc.gnu.org/onlinedocs/gcc/Warning-Options.html#index-fpermissive-fpermissive]8;;[m[K]
[2.749s]   133 | [01;31m[KESP32Interface[m[K::readDataPubliherThread(){
[2.749s]       | [01;31m[K^~~~~~~~~~~~~~[m[K
[2.749s] [01m[K/home/santhosh/Desktop/ros2_ws/pendulum_control/src/esp32_interface/src/esp32.cpp:133:1:[m[K [01;31m[Kerror: [m[Kno declaration matches â€˜[01m[Kint ESP32Interface::readDataPubliherThread()[m[Kâ€™
[2.749s] In file included from [01m[K/home/santhosh/Desktop/ros2_ws/pendulum_control/src/esp32_interface/src/esp32.cpp:1[m[K:
[2.749s] [01m[K/home/santhosh/Desktop/ros2_ws/pendulum_control/src/esp32_interface/include/esp32_interface/esp32.hpp:19:34:[m[K [01;36m[Knote: [m[Kcandidate is: â€˜[01m[Krclcpp::TimerBase::SharedPtr ESP32Interface::readDataPubliherThread[m[Kâ€™
[2.749s]    19 |     rclcpp::TimerBase::SharedPtr [01;36m[KreadDataPubliherThread[m[K;
[2.749s]       |                                  [01;36m[K^~~~~~~~~~~~~~~~~~~~~~[m[K
[2.749s] [01m[K/home/santhosh/Desktop/ros2_ws/pendulum_control/src/esp32_interface/include/esp32_interface/esp32.hpp:7:7:[m[K [01;36m[Knote: [m[Kâ€˜[01m[Kclass ESP32Interface[m[Kâ€™ defined here
[2.749s]     7 | class [01;36m[KESP32Interface[m[K {
[2.749s]       |       [01;36m[K^~~~~~~~~~~~~~[m[K
[2.751s] [01m[K/home/santhosh/Desktop/ros2_ws/pendulum_control/src/esp32_interface/src/esp32.cpp:[m[K In function â€˜[01m[Kint main()[m[Kâ€™:
[2.751s] [01m[K/home/santhosh/Desktop/ros2_ws/pendulum_control/src/esp32_interface/src/esp32.cpp:147:17:[m[K [01;31m[Kerror: [m[Kno matching function for call to â€˜[01m[Kspin(std::shared_ptr<ESP32Interface>&)[m[Kâ€™
[2.751s]   147 |     [01;31m[Krclcpp::spin(node)[m[K;
[2.751s]       |     [01;31m[K~~~~~~~~~~~~^~~~~~[m[K
[2.751s] In file included from [01m[K/opt/ros/humble/include/rclcpp/rclcpp/rclcpp.hpp:155[m[K,
[2.751s]                  from [01m[K/home/santhosh/Desktop/ros2_ws/pendulum_control/src/esp32_interface/include/esp32_interface/esp32.hpp:5[m[K,
[2.751s]                  from [01m[K/home/santhosh/Desktop/ros2_ws/pendulum_control/src/esp32_interface/src/esp32.cpp:1[m[K:
[2.751s] [01m[K/opt/ros/humble/include/rclcpp/rclcpp/executors.hpp:45:1:[m[K [01;36m[Knote: [m[Kcandidate: â€˜[01m[Kvoid rclcpp::spin(rclcpp::node_interfaces::NodeBaseInterface::SharedPtr)[m[Kâ€™
[2.751s]    45 | [01;36m[Kspin[m[K(rclcpp::node_interfaces::NodeBaseInterface::SharedPtr node_ptr);
[2.751s]       | [01;36m[K^~~~[m[K
[2.751s] [01m[K/opt/ros/humble/include/rclcpp/rclcpp/executors.hpp:45:60:[m[K [01;36m[Knote: [m[K  no known conversion for argument 1 from â€˜[01m[Kshared_ptr<[01;32m[KESP32Interface[m[K>[m[Kâ€™ to â€˜[01m[Kshared_ptr<[01;32m[Krclcpp::node_interfaces::NodeBaseInterface[m[K>[m[Kâ€™
[2.751s]    45 | spin([01;36m[Krclcpp::node_interfaces::NodeBaseInterface::SharedPtr node_ptr[m[K);
[2.751s]       |      [01;36m[K~~~~~~~~~~~~~~~~~~~~~~~~~~~~~~~~~~~~~~~~~~~~~~~~~~~~~~^~~~~~~~[m[K
[2.752s] [01m[K/opt/ros/humble/include/rclcpp/rclcpp/executors.hpp:49:1:[m[K [01;36m[Knote: [m[Kcandidate: â€˜[01m[Kvoid rclcpp::spin(rclcpp::Node::SharedPtr)[m[Kâ€™
[2.752s]    49 | [01;36m[Kspin[m[K(rclcpp::Node::SharedPtr node_ptr);
[2.752s]       | [01;36m[K^~~~[m[K
[2.752s] [01m[K/opt/ros/humble/include/rclcpp/rclcpp/executors.hpp:49:30:[m[K [01;36m[Knote: [m[K  no known conversion for argument 1 from â€˜[01m[Kshared_ptr<[01;32m[KESP32Interface[m[K>[m[Kâ€™ to â€˜[01m[Kshared_ptr<[01;32m[Krclcpp::Node[m[K>[m[Kâ€™
[2.752s]    49 | spin([01;36m[Krclcpp::Node::SharedPtr node_ptr[m[K);
[2.752s]       |      [01;36m[K~~~~~~~~~~~~~~~~~~~~~~~~^~~~~~~~[m[K
[3.613s] gmake[2]: *** [CMakeFiles/esp32_interface_node.dir/build.make:76: CMakeFiles/esp32_interface_node.dir/src/esp32.cpp.o] Error 1
[3.613s] gmake[1]: *** [CMakeFiles/Makefile2:137: CMakeFiles/esp32_interface_node.dir/all] Error 2
[3.613s] gmake: *** [Makefile:146: all] Error 2
[3.616s] Invoked command in '/home/santhosh/Desktop/ros2_ws/pendulum_control/build/esp32_interface' returned '2': AMENT_PREFIX_PATH=/home/santhosh/Desktop/ros2_ws/pendulum_control/install/esp32_msgs:${AMENT_PREFIX_PATH} CMAKE_PREFIX_PATH=/home/santhosh/Desktop/ros2_ws/pendulum_control/install/esp32_msgs:/opt/ros/humble LD_LIBRARY_PATH=/home/santhosh/Desktop/ros2_ws/pendulum_control/install/esp32_msgs/lib:${LD_LIBRARY_PATH} PYTHONPATH=/home/santhosh/Desktop/ros2_ws/pendulum_control/install/esp32_msgs/local/lib/python3.10/dist-packages:${PYTHONPATH} /usr/bin/cmake --build /home/santhosh/Desktop/ros2_ws/pendulum_control/build/esp32_interface -- -j16 -l16
