-- Found ament_cmake: 1.3.12 (/opt/ros/humble/share/ament_cmake/cmake)
-- Found rclcpp: 16.0.14 (/opt/ros/humble/share/rclcpp/cmake)
-- Found rosidl_generator_c: 3.1.7 (/opt/ros/humble/share/rosidl_generator_c/cmake)
-- Found rosidl_adapter: 3.1.7 (/opt/ros/humble/share/rosidl_adapter/cmake)
-- Found rosidl_generator_cpp: 3.1.7 (/opt/ros/humble/share/rosidl_generator_cpp/cmake)
-- Using all available rosidl_typesupport_c: rosidl_typesupport_fastrtps_c;rosidl_typesupport_introspection_c
-- Using all available rosidl_typesupport_cpp: rosidl_typesupport_fastrtps_cpp;rosidl_typesupport_introspection_cpp
-- Found rmw_implementation_cmake: 6.1.2 (/opt/ros/humble/share/rmw_implementation_cmake/cmake)
-- Found rmw_fastrtps_cpp: 6.2.8 (/opt/ros/humble/share/rmw_fastrtps_cpp/cmake)
-- Using RMW implementation 'rmw_fastrtps_cpp' as default
-- Found esp32_msgs: 0.0.0 (/home/santhosh/Desktop/ros2_ws/pendulum_control/install/esp32_msgs/share/esp32_msgs/cmake)
-- Found ament_lint_auto: 0.12.14 (/opt/ros/humble/share/ament_lint_auto/cmake)
-- Added test 'cppcheck' to perform static code analysis on C / C++ code
-- Configured cppcheck include dirs: /home/santhosh/Desktop/ros2_ws/pendulum_control/src/esp32_interface/include
-- Configured cppcheck exclude dirs and/or files: 
-- Added test 'lint_cmake' to check CMake code style
-- Added test 'uncrustify' to check C / C++ code style
-- Configured uncrustify additional arguments: 
-- Added test 'xmllint' to check XML markup files
-- Configuring done
-- Generating done
-- Build files have been written to: /home/santhosh/Desktop/ros2_ws/pendulum_control/build/esp32_interface
[ 50%] [32mBuilding CXX object CMakeFiles/esp32_interface_node.dir/src/esp32.cpp.o[0m
In file included from [01m[K/home/santhosh/Desktop/ros2_ws/pendulum_control/src/esp32_interface/src/esp32.cpp:1[m[K:
[01m[K/home/santhosh/Desktop/ros2_ws/pendulum_control/src/esp32_interface/include/esp32_interface/esp32.hpp:20:23:[m[K [01;31m[Kerror: [m[Kâ€˜[01m[Kesp32msgs[m[Kâ€™ was not declared in this scope; did you mean â€˜[01m[Kesp32_msgs[m[Kâ€™?
   20 |     rclcpp::Publisher<[01;31m[Kesp32msgs[m[K::Data>::SharedPtr imu_data_publisher_;
      |                       [01;31m[K^~~~~~~~~[m[K
      |                       [32m[Kesp32_msgs[m[K
[01m[K/home/santhosh/Desktop/ros2_ws/pendulum_control/src/esp32_interface/include/esp32_interface/esp32.hpp:20:38:[m[K [01;31m[Kerror: [m[Ktemplate argument 1 is invalid
   20 |     rclcpp::Publisher<esp32msgs::Data[01;31m[K>[m[K::SharedPtr imu_data_publisher_;
      |                                      [01;31m[K^[m[K
[01m[K/home/santhosh/Desktop/ros2_ws/pendulum_control/src/esp32_interface/include/esp32_interface/esp32.hpp:20:41:[m[K [01;31m[Kerror: [m[Kexpected â€˜[01m[K;[m[Kâ€™ at end of member declaration
   20 |     rclcpp::Publisher<esp32msgs::Data>::[01;31m[KSharedPtr[m[K imu_data_publisher_;
      |                                         [01;31m[K^~~~~~~~~[m[K
      |                                                  [32m[K;[m[K
[01m[K/home/santhosh/Desktop/ros2_ws/pendulum_control/src/esp32_interface/include/esp32_interface/esp32.hpp:20:51:[m[K [01;31m[Kerror: [m[Kâ€˜[01m[Kimu_data_publisher_[m[Kâ€™ does not name a type
   20 |     rclcpp::Publisher<esp32msgs::Data>::SharedPtr [01;31m[Kimu_data_publisher_[m[K;
      |                                                   [01;31m[K^~~~~~~~~~~~~~~~~~~[m[K
[01m[K/home/santhosh/Desktop/ros2_ws/pendulum_control/src/esp32_interface/include/esp32_interface/esp32.hpp:21:5:[m[K [01;31m[Kerror: [m[Kâ€˜[01m[Kesp32msgs[m[Kâ€™ does not name a type
   21 |     [01;31m[Kesp32msgs[m[K::IMUdata imu_data_;
      |     [01;31m[K^~~~~~~~~[m[K
[01m[K/home/santhosh/Desktop/ros2_ws/pendulum_control/src/esp32_interface/src/esp32.cpp:[m[K In constructor â€˜[01m[KESP32Interface::ESP32Interface()[m[Kâ€™:
[01m[K/home/santhosh/Desktop/ros2_ws/pendulum_control/src/esp32_interface/src/esp32.cpp:3:35:[m[K [01;31m[Kerror: [m[Kclass â€˜[01m[KESP32Interface[m[Kâ€™ does not have any field named â€˜[01m[KNode[m[Kâ€™
    3 | ESP32Interface::ESP32Interface(): [01;31m[KNode[m[K(esp_32_interface), serial_(io_)
      |                                   [01;31m[K^~~~[m[K
[01m[K/home/santhosh/Desktop/ros2_ws/pendulum_control/src/esp32_interface/src/esp32.cpp:3:40:[m[K [01;31m[Kerror: [m[Kâ€˜[01m[Kesp_32_interface[m[Kâ€™ was not declared in this scope; did you mean â€˜[01m[KESP32Interface[m[Kâ€™?
    3 | ESP32Interface::ESP32Interface(): Node([01;31m[Kesp_32_interface[m[K), serial_(io_)
      |                                        [01;31m[K^~~~~~~~~~~~~~~~[m[K
      |                                        [32m[KESP32Interface[m[K
[01m[K/home/santhosh/Desktop/ros2_ws/pendulum_control/src/esp32_interface/src/esp32.cpp:19:5:[m[K [01;31m[Kerror: [m[Kâ€˜[01m[Ki2c_read_timer_[m[Kâ€™ was not declared in this scope
   19 |     [01;31m[Ki2c_read_timer_[m[K = this->create_wall_timer(10ms, std::bind(&ESP32Interface::readDataPubliherThread, this));
      |     [01;31m[K^~~~~~~~~~~~~~~[m[K
[01m[K/home/santhosh/Desktop/ros2_ws/pendulum_control/src/esp32_interface/src/esp32.cpp:19:29:[m[K [01;31m[Kerror: [m[Kâ€˜[01m[Kclass ESP32Interface[m[Kâ€™ has no member named â€˜[01m[Kcreate_wall_timer[m[Kâ€™
   19 |     i2c_read_timer_ = this->[01;31m[Kcreate_wall_timer[m[K(10ms, std::bind(&ESP32Interface::readDataPubliherThread, this));
      |                             [01;31m[K^~~~~~~~~~~~~~~~~[m[K
[01m[K/home/santhosh/Desktop/ros2_ws/pendulum_control/src/esp32_interface/src/esp32.cpp:19:47:[m[K [01;31m[Kerror: [m[Kunable to find numeric literal operator â€˜[01m[Koperator""ms[m[Kâ€™
   19 |     i2c_read_timer_ = this->create_wall_timer([01;31m[K10ms[m[K, std::bind(&ESP32Interface::readDataPubliherThread, this));
      |                                               [01;31m[K^~~~[m[K
[01m[K/home/santhosh/Desktop/ros2_ws/pendulum_control/src/esp32_interface/src/esp32.cpp:20:5:[m[K [01;31m[Kerror: [m[Kâ€˜[01m[Kimu_data_publisher_[m[Kâ€™ was not declared in this scope
   20 |     [01;31m[Kimu_data_publisher_[m[K = this->create_publisher<ESPMsg::IMUdata>("/imu_data", 10);
      |     [01;31m[K^~~~~~~~~~~~~~~~~~~[m[K
[01m[K/home/santhosh/Desktop/ros2_ws/pendulum_control/src/esp32_interface/src/esp32.cpp:20:33:[m[K [01;31m[Kerror: [m[Kâ€˜[01m[Kclass ESP32Interface[m[Kâ€™ has no member named â€˜[01m[Kcreate_publisher[m[Kâ€™
   20 |     imu_data_publisher_ = this->[01;31m[Kcreate_publisher[m[K<ESPMsg::IMUdata>("/imu_data", 10);
      |                                 [01;31m[K^~~~~~~~~~~~~~~~[m[K
[01m[K/home/santhosh/Desktop/ros2_ws/pendulum_control/src/esp32_interface/src/esp32.cpp:20:50:[m[K [01;31m[Kerror: [m[Kâ€˜[01m[KESPMsg[m[Kâ€™ has not been declared
   20 |     imu_data_publisher_ = this->create_publisher<[01;31m[KESPMsg[m[K::IMUdata>("/imu_data", 10);
      |                                                  [01;31m[K^~~~~~[m[K
[01m[K/home/santhosh/Desktop/ros2_ws/pendulum_control/src/esp32_interface/src/esp32.cpp:20:67:[m[K [01;35m[Kwarning: [m[Kleft operand of comma operator has no effect [[01;35m[K]8;;https://gcc.gnu.org/onlinedocs/gcc/Warning-Options.html#index-Wunused-value-Wunused-value]8;;[m[K]
   20 |     imu_data_publisher_ = this->create_publisher<ESPMsg::IMUdata>([01;35m[K"/imu_data"[m[K, 10);
      |                                                                   [01;35m[K^~~~~~~~~~~[m[K
[01m[K/home/santhosh/Desktop/ros2_ws/pendulum_control/src/esp32_interface/src/esp32.cpp:21:5:[m[K [01;31m[Kerror: [m[Kâ€˜[01m[Kimu_data_[m[Kâ€™ was not declared in this scope; did you mean â€˜[01m[Kifr_data[m[Kâ€™?
   21 |     [01;31m[Kimu_data_[m[K->ax = 0;
      |     [01;31m[K^~~~~~~~~[m[K
      |     [32m[Kifr_data[m[K
[01m[K/home/santhosh/Desktop/ros2_ws/pendulum_control/src/esp32_interface/src/esp32.cpp:[m[K In static member function â€˜[01m[Kstatic ESP32Interface::esp_read_response_ ESP32Interface::read_register(uint8_t, int, int16_t&)[m[Kâ€™:
[01m[K/home/santhosh/Desktop/ros2_ws/pendulum_control/src/esp32_interface/src/esp32.cpp:34:24:[m[K [01;31m[Kerror: [m[Kinvalid use of member â€˜[01m[KESP32Interface::serial_[m[Kâ€™ in static member function
   34 |     boost::asio::write([01;31m[Kserial_[m[K, boost::asio::buffer(request, 2));
      |                        [01;31m[K^~~~~~~[m[K
In file included from [01m[K/home/santhosh/Desktop/ros2_ws/pendulum_control/src/esp32_interface/src/esp32.cpp:1[m[K:
[01m[K/home/santhosh/Desktop/ros2_ws/pendulum_control/src/esp32_interface/include/esp32_interface/esp32.hpp:18:30:[m[K [01;36m[Knote: [m[Kdeclared here
   18 |     boost::asio::serial_port [01;36m[Kserial_[m[K;
      |                              [01;36m[K^~~~~~~[m[K
[01m[K/home/santhosh/Desktop/ros2_ws/pendulum_control/src/esp32_interface/src/esp32.cpp:45:20:[m[K [01;31m[Kerror: [m[Kinvalid use of member â€˜[01m[KESP32Interface::serial_[m[Kâ€™ in static member function
   45 |         size_t n = [01;31m[Kserial_[m[K.read_some(boost::asio::buffer(&byte, 1), ec);
      |                    [01;31m[K^~~~~~~[m[K
In file included from [01m[K/home/santhosh/Desktop/ros2_ws/pendulum_control/src/esp32_interface/src/esp32.cpp:1[m[K:
[01m[K/home/santhosh/Desktop/ros2_ws/pendulum_control/src/esp32_interface/include/esp32_interface/esp32.hpp:18:30:[m[K [01;36m[Knote: [m[Kdeclared here
   18 |     boost::asio::serial_port [01;36m[Kserial_[m[K;
      |                              [01;36m[K^~~~~~~[m[K
[01m[K/home/santhosh/Desktop/ros2_ws/pendulum_control/src/esp32_interface/src/esp32.cpp:72:20:[m[K [01;31m[Kerror: [m[Kinvalid use of member â€˜[01m[KESP32Interface::serial_[m[Kâ€™ in static member function
   72 |         size_t n = [01;31m[Kserial_[m[K.read_some(boost::asio::buffer(resp + total_read, PACKET_SIZE - total_read), ec);
      |                    [01;31m[K^~~~~~~[m[K
In file included from [01m[K/home/santhosh/Desktop/ros2_ws/pendulum_control/src/esp32_interface/src/esp32.cpp:1[m[K:
[01m[K/home/santhosh/Desktop/ros2_ws/pendulum_control/src/esp32_interface/include/esp32_interface/esp32.hpp:18:30:[m[K [01;36m[Knote: [m[Kdeclared here
   18 |     boost::asio::serial_port [01;36m[Kserial_[m[K;
      |                              [01;36m[K^~~~~~~[m[K
[01m[K/home/santhosh/Desktop/ros2_ws/pendulum_control/src/esp32_interface/src/esp32.cpp:[m[K At global scope:
[01m[K/home/santhosh/Desktop/ros2_ws/pendulum_control/src/esp32_interface/src/esp32.cpp:133:40:[m[K [01;31m[Kerror: [m[Kâ€˜[01m[Krclcpp::TimerBase::SharedPtr ESP32Interface::readDataPubliherThread[m[Kâ€™ is private within this context
  133 | ESP32Interface::readDataPubliherThread([01;31m[K)[m[K{
      |                                        [01;31m[K^[m[K
In file included from [01m[K/home/santhosh/Desktop/ros2_ws/pendulum_control/src/esp32_interface/src/esp32.cpp:1[m[K:
[01m[K/home/santhosh/Desktop/ros2_ws/pendulum_control/src/esp32_interface/include/esp32_interface/esp32.hpp:19:34:[m[K [01;36m[Knote: [m[Kdeclared private here
   19 |     rclcpp::TimerBase::SharedPtr [01;36m[KreadDataPubliherThread[m[K;
      |                                  [01;36m[K^~~~~~~~~~~~~~~~~~~~~~[m[K
[01m[K/home/santhosh/Desktop/ros2_ws/pendulum_control/src/esp32_interface/src/esp32.cpp:133:1:[m[K [01;31m[Kerror: [m[KISO C++ forbids declaration of â€˜[01m[KreadDataPubliherThread[m[Kâ€™ with no type [[01;31m[K]8;;https://gcc.gnu.org/onlinedocs/gcc/Warning-Options.html#index-fpermissive-fpermissive]8;;[m[K]
  133 | [01;31m[KESP32Interface[m[K::readDataPubliherThread(){
      | [01;31m[K^~~~~~~~~~~~~~[m[K
[01m[K/home/santhosh/Desktop/ros2_ws/pendulum_control/src/esp32_interface/src/esp32.cpp:133:1:[m[K [01;31m[Kerror: [m[Kno declaration matches â€˜[01m[Kint ESP32Interface::readDataPubliherThread()[m[Kâ€™
In file included from [01m[K/home/santhosh/Desktop/ros2_ws/pendulum_control/src/esp32_interface/src/esp32.cpp:1[m[K:
[01m[K/home/santhosh/Desktop/ros2_ws/pendulum_control/src/esp32_interface/include/esp32_interface/esp32.hpp:19:34:[m[K [01;36m[Knote: [m[Kcandidate is: â€˜[01m[Krclcpp::TimerBase::SharedPtr ESP32Interface::readDataPubliherThread[m[Kâ€™
   19 |     rclcpp::TimerBase::SharedPtr [01;36m[KreadDataPubliherThread[m[K;
      |                                  [01;36m[K^~~~~~~~~~~~~~~~~~~~~~[m[K
[01m[K/home/santhosh/Desktop/ros2_ws/pendulum_control/src/esp32_interface/include/esp32_interface/esp32.hpp:7:7:[m[K [01;36m[Knote: [m[Kâ€˜[01m[Kclass ESP32Interface[m[Kâ€™ defined here
    7 | class [01;36m[KESP32Interface[m[K {
      |       [01;36m[K^~~~~~~~~~~~~~[m[K
[01m[K/home/santhosh/Desktop/ros2_ws/pendulum_control/src/esp32_interface/src/esp32.cpp:[m[K In function â€˜[01m[Kint main()[m[Kâ€™:
[01m[K/home/santhosh/Desktop/ros2_ws/pendulum_control/src/esp32_interface/src/esp32.cpp:147:17:[m[K [01;31m[Kerror: [m[Kno matching function for call to â€˜[01m[Kspin(std::shared_ptr<ESP32Interface>&)[m[Kâ€™
  147 |     [01;31m[Krclcpp::spin(node)[m[K;
      |     [01;31m[K~~~~~~~~~~~~^~~~~~[m[K
In file included from [01m[K/opt/ros/humble/include/rclcpp/rclcpp/rclcpp.hpp:155[m[K,
                 from [01m[K/home/santhosh/Desktop/ros2_ws/pendulum_control/src/esp32_interface/include/esp32_interface/esp32.hpp:5[m[K,
                 from [01m[K/home/santhosh/Desktop/ros2_ws/pendulum_control/src/esp32_interface/src/esp32.cpp:1[m[K:
[01m[K/opt/ros/humble/include/rclcpp/rclcpp/executors.hpp:45:1:[m[K [01;36m[Knote: [m[Kcandidate: â€˜[01m[Kvoid rclcpp::spin(rclcpp::node_interfaces::NodeBaseInterface::SharedPtr)[m[Kâ€™
   45 | [01;36m[Kspin[m[K(rclcpp::node_interfaces::NodeBaseInterface::SharedPtr node_ptr);
      | [01;36m[K^~~~[m[K
[01m[K/opt/ros/humble/include/rclcpp/rclcpp/executors.hpp:45:60:[m[K [01;36m[Knote: [m[K  no known conversion for argument 1 from â€˜[01m[Kshared_ptr<[01;32m[KESP32Interface[m[K>[m[Kâ€™ to â€˜[01m[Kshared_ptr<[01;32m[Krclcpp::node_interfaces::NodeBaseInterface[m[K>[m[Kâ€™
   45 | spin([01;36m[Krclcpp::node_interfaces::NodeBaseInterface::SharedPtr node_ptr[m[K);
      |      [01;36m[K~~~~~~~~~~~~~~~~~~~~~~~~~~~~~~~~~~~~~~~~~~~~~~~~~~~~~~^~~~~~~~[m[K
[01m[K/opt/ros/humble/include/rclcpp/rclcpp/executors.hpp:49:1:[m[K [01;36m[Knote: [m[Kcandidate: â€˜[01m[Kvoid rclcpp::spin(rclcpp::Node::SharedPtr)[m[Kâ€™
   49 | [01;36m[Kspin[m[K(rclcpp::Node::SharedPtr node_ptr);
      | [01;36m[K^~~~[m[K
[01m[K/opt/ros/humble/include/rclcpp/rclcpp/executors.hpp:49:30:[m[K [01;36m[Knote: [m[K  no known conversion for argument 1 from â€˜[01m[Kshared_ptr<[01;32m[KESP32Interface[m[K>[m[Kâ€™ to â€˜[01m[Kshared_ptr<[01;32m[Krclcpp::Node[m[K>[m[Kâ€™
   49 | spin([01;36m[Krclcpp::Node::SharedPtr node_ptr[m[K);
      |      [01;36m[K~~~~~~~~~~~~~~~~~~~~~~~~^~~~~~~~[m[K
[01m[K/home/santhosh/Desktop/ros2_ws/pendulum_control/src/esp32_interface/src/esp32.cpp:149:72:[m[K [01;31m[Kerror: [m[Kexpected â€˜[01m[K;[m[Kâ€™ before â€˜[01m[Kreturn[m[Kâ€™
  149 |     std::cout << "ESP32Interface node has been shut down." << std::endl
      |                                                                        [01;31m[K^[m[K
      |                                                                        [32m[K;[m[K
  150 |     [32m[Kreturn[m[K 0;
      |     [32m[K~~~~~~[m[K                                                              
gmake[2]: *** [CMakeFiles/esp32_interface_node.dir/build.make:76: CMakeFiles/esp32_interface_node.dir/src/esp32.cpp.o] Error 1
gmake[1]: *** [CMakeFiles/Makefile2:137: CMakeFiles/esp32_interface_node.dir/all] Error 2
gmake: *** [Makefile:146: all] Error 2
